<?xml version='1.0' encoding='UTF-8'?>
<testsuite hostname="tmt-wireless-users-n.caltech.edu" name="csw.examples.vslice.hcd.TromboneHCDBasicTests" tests="13" errors="0" failures="5" time="34.064">
                     <properties>
[...]
</properties>
                     <testcase classname="csw.examples.vslice.hcd.TromboneHCDBasicTests" name="low-level instrumented trombone HCD tests should initialize the trombone axis simulator" time="2.034">
                                                 <failure message="org.scalatest.exceptions.TestFailedException: The reference was null" type="sbt.ForkMain$ForkError">sbt.ForkMain$ForkError: org.scalatest.exceptions.TestFailedException: The reference was null
	at org.scalatest.MatchersHelper$.newTestFailedException(MatchersHelper.scala:160)
	at org.scalatest.words.ResultOfNotWordForAny.be(ResultOfNotWordForAny.scala:544)
	at csw.examples.vslice.hcd.TromboneHCDBasicTests$$anonfun$1$$anonfun$apply$mcV$sp$1.apply$mcV$sp(TromboneHCDBasicTests.scala:104)
	at csw.examples.vslice.hcd.TromboneHCDBasicTests$$anonfun$1$$anonfun$apply$mcV$sp$1.apply(TromboneHCDBasicTests.scala:99)
	at csw.examples.vslice.hcd.TromboneHCDBasicTests$$anonfun$1$$anonfun$apply$mcV$sp$1.apply(TromboneHCDBasicTests.scala:99)
	at org.scalatest.Transformer$$anonfun$apply$1.apply$mcV$sp(Transformer.scala:22)
	at org.scalatest.OutcomeOf$class.outcomeOf(OutcomeOf.scala:85)
	at org.scalatest.OutcomeOf$.outcomeOf(OutcomeOf.scala:104)
	at org.scalatest.Transformer.apply(Transformer.scala:22)
	at org.scalatest.Transformer.apply(Transformer.scala:20)
	at org.scalatest.FunSpecLike$$anon$1.apply(FunSpecLike.scala:422)
	at org.scalatest.Suite$class.withFixture(Suite.scala:1122)
	at csw.examples.vslice.hcd.TromboneHCDBasicTests.withFixture(TromboneHCDBasicTests.scala:29)
	at org.scalatest.FunSpecLike$class.invokeWithFixture$1(FunSpecLike.scala:419)
	at org.scalatest.FunSpecLike$$anonfun$runTest$1.apply(FunSpecLike.scala:431)
	at org.scalatest.FunSpecLike$$anonfun$runTest$1.apply(FunSpecLike.scala:431)
	at org.scalatest.SuperEngine.runTestImpl(Engine.scala:306)
	at org.scalatest.FunSpecLike$class.runTest(FunSpecLike.scala:431)
	at csw.examples.vslice.hcd.TromboneHCDBasicTests.runTest(TromboneHCDBasicTests.scala:29)
	at org.scalatest.FunSpecLike$$anonfun$runTests$1.apply(FunSpecLike.scala:464)
	at org.scalatest.FunSpecLike$$anonfun$runTests$1.apply(FunSpecLike.scala:464)
	at org.scalatest.SuperEngine$$anonfun$traverseSubNodes$1$1.apply(Engine.scala:413)
	at org.scalatest.SuperEngine$$anonfun$traverseSubNodes$1$1.apply(Engine.scala:401)
	at scala.collection.immutable.List.foreach(List.scala:381)
	at org.scalatest.SuperEngine.traverseSubNodes$1(Engine.scala:401)
	at org.scalatest.SuperEngine.org$scalatest$SuperEngine$$runTestsInBranch(Engine.scala:390)
	at org.scalatest.SuperEngine$$anonfun$traverseSubNodes$1$1.apply(Engine.scala:427)
	at org.scalatest.SuperEngine$$anonfun$traverseSubNodes$1$1.apply(Engine.scala:401)
	at scala.collection.immutable.List.foreach(List.scala:381)
	at org.scalatest.SuperEngine.traverseSubNodes$1(Engine.scala:401)
	at org.scalatest.SuperEngine.org$scalatest$SuperEngine$$runTestsInBranch(Engine.scala:396)
	at org.scalatest.SuperEngine.runTestsImpl(Engine.scala:483)
	at org.scalatest.FunSpecLike$class.runTests(FunSpecLike.scala:464)
	at csw.examples.vslice.hcd.TromboneHCDBasicTests.runTests(TromboneHCDBasicTests.scala:29)
	at org.scalatest.Suite$class.run(Suite.scala:1424)
	at csw.examples.vslice.hcd.TromboneHCDBasicTests.org$scalatest$FunSpecLike$$super$run(TromboneHCDBasicTests.scala:29)
	at org.scalatest.FunSpecLike$$anonfun$run$1.apply(FunSpecLike.scala:468)
	at org.scalatest.FunSpecLike$$anonfun$run$1.apply(FunSpecLike.scala:468)
	at org.scalatest.SuperEngine.runImpl(Engine.scala:545)
	at org.scalatest.FunSpecLike$class.run(FunSpecLike.scala:468)
	at csw.examples.vslice.hcd.TromboneHCDBasicTests.org$scalatest$BeforeAndAfterAll$$super$run(TromboneHCDBasicTests.scala:29)
	at org.scalatest.BeforeAndAfterAll$class.liftedTree1$1(BeforeAndAfterAll.scala:257)
	at org.scalatest.BeforeAndAfterAll$class.run(BeforeAndAfterAll.scala:256)
	at csw.examples.vslice.hcd.TromboneHCDBasicTests.run(TromboneHCDBasicTests.scala:29)
	at org.scalatest.tools.Framework.org$scalatest$tools$Framework$$runSuite(Framework.scala:357)
	at org.scalatest.tools.Framework$ScalaTestTask.execute(Framework.scala:502)
	at sbt.ForkMain$Run$2.call(ForkMain.java:296)
	at sbt.ForkMain$Run$2.call(ForkMain.java:286)
	at java.util.concurrent.FutureTask.run(FutureTask.java:266)
	at java.util.concurrent.ThreadPoolExecutor.runWorker(ThreadPoolExecutor.java:1142)
	at java.util.concurrent.ThreadPoolExecutor$Worker.run(ThreadPoolExecutor.java:617)
	at java.lang.Thread.run(Thread.java:745)
</failure>
                                               </testcase><testcase classname="csw.examples.vslice.hcd.TromboneHCDBasicTests" name="low-level instrumented trombone HCD tests should lifecycle properly with a fake supervisor" time="2.032">
                                                 
                                               </testcase><testcase classname="csw.examples.vslice.hcd.TromboneHCDBasicTests" name="low-level instrumented trombone HCD tests should allow fetching config" time="2.016">
                                                 <failure message="java.lang.AssertionError: assertion failed: expected Initialized, found InitializeFailure(Futures timed out after [2 seconds])" type="sbt.ForkMain$ForkError">sbt.ForkMain$ForkError: java.lang.AssertionError: assertion failed: expected Initialized, found InitializeFailure(Futures timed out after [2 seconds])
	at scala.Predef$.assert(Predef.scala:170)
	at akka.testkit.TestKitBase$class.expectMsg_internal(TestKit.scala:388)
	at akka.testkit.TestKitBase$class.expectMsg(TestKit.scala:364)
	at akka.testkit.TestKit.expectMsg(TestKit.scala:814)
	at csw.examples.vslice.hcd.TromboneHCDBasicTests.lifecycleStart(TromboneHCDBasicTests.scala:67)
	at csw.examples.vslice.hcd.TromboneHCDBasicTests$$anonfun$1$$anonfun$apply$mcV$sp$3.apply$mcV$sp(TromboneHCDBasicTests.scala:139)
	at csw.examples.vslice.hcd.TromboneHCDBasicTests$$anonfun$1$$anonfun$apply$mcV$sp$3.apply(TromboneHCDBasicTests.scala:136)
	at csw.examples.vslice.hcd.TromboneHCDBasicTests$$anonfun$1$$anonfun$apply$mcV$sp$3.apply(TromboneHCDBasicTests.scala:136)
	at org.scalatest.Transformer$$anonfun$apply$1.apply$mcV$sp(Transformer.scala:22)
	at org.scalatest.OutcomeOf$class.outcomeOf(OutcomeOf.scala:85)
	at org.scalatest.OutcomeOf$.outcomeOf(OutcomeOf.scala:104)
	at org.scalatest.Transformer.apply(Transformer.scala:22)
	at org.scalatest.Transformer.apply(Transformer.scala:20)
	at org.scalatest.FunSpecLike$$anon$1.apply(FunSpecLike.scala:422)
	at org.scalatest.Suite$class.withFixture(Suite.scala:1122)
	at csw.examples.vslice.hcd.TromboneHCDBasicTests.withFixture(TromboneHCDBasicTests.scala:29)
	at org.scalatest.FunSpecLike$class.invokeWithFixture$1(FunSpecLike.scala:419)
	at org.scalatest.FunSpecLike$$anonfun$runTest$1.apply(FunSpecLike.scala:431)
	at org.scalatest.FunSpecLike$$anonfun$runTest$1.apply(FunSpecLike.scala:431)
	at org.scalatest.SuperEngine.runTestImpl(Engine.scala:306)
	at org.scalatest.FunSpecLike$class.runTest(FunSpecLike.scala:431)
	at csw.examples.vslice.hcd.TromboneHCDBasicTests.runTest(TromboneHCDBasicTests.scala:29)
	at org.scalatest.FunSpecLike$$anonfun$runTests$1.apply(FunSpecLike.scala:464)
	at org.scalatest.FunSpecLike$$anonfun$runTests$1.apply(FunSpecLike.scala:464)
	at org.scalatest.SuperEngine$$anonfun$traverseSubNodes$1$1.apply(Engine.scala:413)
	at org.scalatest.SuperEngine$$anonfun$traverseSubNodes$1$1.apply(Engine.scala:401)
	at scala.collection.immutable.List.foreach(List.scala:381)
	at org.scalatest.SuperEngine.traverseSubNodes$1(Engine.scala:401)
	at org.scalatest.SuperEngine.org$scalatest$SuperEngine$$runTestsInBranch(Engine.scala:390)
	at org.scalatest.SuperEngine$$anonfun$traverseSubNodes$1$1.apply(Engine.scala:427)
	at org.scalatest.SuperEngine$$anonfun$traverseSubNodes$1$1.apply(Engine.scala:401)
	at scala.collection.immutable.List.foreach(List.scala:381)
	at org.scalatest.SuperEngine.traverseSubNodes$1(Engine.scala:401)
	at org.scalatest.SuperEngine.org$scalatest$SuperEngine$$runTestsInBranch(Engine.scala:396)
	at org.scalatest.SuperEngine.runTestsImpl(Engine.scala:483)
	at org.scalatest.FunSpecLike$class.runTests(FunSpecLike.scala:464)
	at csw.examples.vslice.hcd.TromboneHCDBasicTests.runTests(TromboneHCDBasicTests.scala:29)
	at org.scalatest.Suite$class.run(Suite.scala:1424)
	at csw.examples.vslice.hcd.TromboneHCDBasicTests.org$scalatest$FunSpecLike$$super$run(TromboneHCDBasicTests.scala:29)
	at org.scalatest.FunSpecLike$$anonfun$run$1.apply(FunSpecLike.scala:468)
	at org.scalatest.FunSpecLike$$anonfun$run$1.apply(FunSpecLike.scala:468)
	at org.scalatest.SuperEngine.runImpl(Engine.scala:545)
	at org.scalatest.FunSpecLike$class.run(FunSpecLike.scala:468)
	at csw.examples.vslice.hcd.TromboneHCDBasicTests.org$scalatest$BeforeAndAfterAll$$super$run(TromboneHCDBasicTests.scala:29)
	at org.scalatest.BeforeAndAfterAll$class.liftedTree1$1(BeforeAndAfterAll.scala:257)
	at org.scalatest.BeforeAndAfterAll$class.run(BeforeAndAfterAll.scala:256)
	at csw.examples.vslice.hcd.TromboneHCDBasicTests.run(TromboneHCDBasicTests.scala:29)
	at org.scalatest.tools.Framework.org$scalatest$tools$Framework$$runSuite(Framework.scala:357)
	at org.scalatest.tools.Framework$ScalaTestTask.execute(Framework.scala:502)
	at sbt.ForkMain$Run$2.call(ForkMain.java:296)
	at sbt.ForkMain$Run$2.call(ForkMain.java:286)
	at java.util.concurrent.FutureTask.run(FutureTask.java:266)
	at java.util.concurrent.ThreadPoolExecutor.runWorker(ThreadPoolExecutor.java:1142)
	at java.util.concurrent.ThreadPoolExecutor$Worker.run(ThreadPoolExecutor.java:617)
	at java.lang.Thread.run(Thread.java:745)
</failure>
                                               </testcase><testcase classname="csw.examples.vslice.hcd.TromboneHCDBasicTests" name="low-level instrumented trombone HCD tests should allow fetching stats" time="2.031">
                                                 
                                               </testcase><testcase classname="csw.examples.vslice.hcd.TromboneHCDBasicTests" name="low-level instrumented trombone HCD tests should allow external init when running" time="2.018">
                                                 <failure message="java.lang.AssertionError: assertion failed: expected Initialized, found InitializeFailure(Futures timed out after [2 seconds])" type="sbt.ForkMain$ForkError">sbt.ForkMain$ForkError: java.lang.AssertionError: assertion failed: expected Initialized, found InitializeFailure(Futures timed out after [2 seconds])
	at scala.Predef$.assert(Predef.scala:170)
	at akka.testkit.TestKitBase$class.expectMsg_internal(TestKit.scala:388)
	at akka.testkit.TestKitBase$class.expectMsg(TestKit.scala:364)
	at akka.testkit.TestKit.expectMsg(TestKit.scala:814)
	at csw.examples.vslice.hcd.TromboneHCDBasicTests.lifecycleStart(TromboneHCDBasicTests.scala:67)
	at csw.examples.vslice.hcd.TromboneHCDBasicTests$$anonfun$1$$anonfun$apply$mcV$sp$5.apply$mcV$sp(TromboneHCDBasicTests.scala:186)
	at csw.examples.vslice.hcd.TromboneHCDBasicTests$$anonfun$1$$anonfun$apply$mcV$sp$5.apply(TromboneHCDBasicTests.scala:183)
	at csw.examples.vslice.hcd.TromboneHCDBasicTests$$anonfun$1$$anonfun$apply$mcV$sp$5.apply(TromboneHCDBasicTests.scala:183)
	at org.scalatest.Transformer$$anonfun$apply$1.apply$mcV$sp(Transformer.scala:22)
	at org.scalatest.OutcomeOf$class.outcomeOf(OutcomeOf.scala:85)
	at org.scalatest.OutcomeOf$.outcomeOf(OutcomeOf.scala:104)
	at org.scalatest.Transformer.apply(Transformer.scala:22)
	at org.scalatest.Transformer.apply(Transformer.scala:20)
	at org.scalatest.FunSpecLike$$anon$1.apply(FunSpecLike.scala:422)
	at org.scalatest.Suite$class.withFixture(Suite.scala:1122)
	at csw.examples.vslice.hcd.TromboneHCDBasicTests.withFixture(TromboneHCDBasicTests.scala:29)
	at org.scalatest.FunSpecLike$class.invokeWithFixture$1(FunSpecLike.scala:419)
	at org.scalatest.FunSpecLike$$anonfun$runTest$1.apply(FunSpecLike.scala:431)
	at org.scalatest.FunSpecLike$$anonfun$runTest$1.apply(FunSpecLike.scala:431)
	at org.scalatest.SuperEngine.runTestImpl(Engine.scala:306)
	at org.scalatest.FunSpecLike$class.runTest(FunSpecLike.scala:431)
	at csw.examples.vslice.hcd.TromboneHCDBasicTests.runTest(TromboneHCDBasicTests.scala:29)
	at org.scalatest.FunSpecLike$$anonfun$runTests$1.apply(FunSpecLike.scala:464)
	at org.scalatest.FunSpecLike$$anonfun$runTests$1.apply(FunSpecLike.scala:464)
	at org.scalatest.SuperEngine$$anonfun$traverseSubNodes$1$1.apply(Engine.scala:413)
	at org.scalatest.SuperEngine$$anonfun$traverseSubNodes$1$1.apply(Engine.scala:401)
	at scala.collection.immutable.List.foreach(List.scala:381)
	at org.scalatest.SuperEngine.traverseSubNodes$1(Engine.scala:401)
	at org.scalatest.SuperEngine.org$scalatest$SuperEngine$$runTestsInBranch(Engine.scala:390)
	at org.scalatest.SuperEngine$$anonfun$traverseSubNodes$1$1.apply(Engine.scala:427)
	at org.scalatest.SuperEngine$$anonfun$traverseSubNodes$1$1.apply(Engine.scala:401)
	at scala.collection.immutable.List.foreach(List.scala:381)
	at org.scalatest.SuperEngine.traverseSubNodes$1(Engine.scala:401)
	at org.scalatest.SuperEngine.org$scalatest$SuperEngine$$runTestsInBranch(Engine.scala:396)
	at org.scalatest.SuperEngine.runTestsImpl(Engine.scala:483)
	at org.scalatest.FunSpecLike$class.runTests(FunSpecLike.scala:464)
	at csw.examples.vslice.hcd.TromboneHCDBasicTests.runTests(TromboneHCDBasicTests.scala:29)
	at org.scalatest.Suite$class.run(Suite.scala:1424)
	at csw.examples.vslice.hcd.TromboneHCDBasicTests.org$scalatest$FunSpecLike$$super$run(TromboneHCDBasicTests.scala:29)
	at org.scalatest.FunSpecLike$$anonfun$run$1.apply(FunSpecLike.scala:468)
	at org.scalatest.FunSpecLike$$anonfun$run$1.apply(FunSpecLike.scala:468)
	at org.scalatest.SuperEngine.runImpl(Engine.scala:545)
	at org.scalatest.FunSpecLike$class.run(FunSpecLike.scala:468)
	at csw.examples.vslice.hcd.TromboneHCDBasicTests.org$scalatest$BeforeAndAfterAll$$super$run(TromboneHCDBasicTests.scala:29)
	at org.scalatest.BeforeAndAfterAll$class.liftedTree1$1(BeforeAndAfterAll.scala:257)
	at org.scalatest.BeforeAndAfterAll$class.run(BeforeAndAfterAll.scala:256)
	at csw.examples.vslice.hcd.TromboneHCDBasicTests.run(TromboneHCDBasicTests.scala:29)
	at org.scalatest.tools.Framework.org$scalatest$tools$Framework$$runSuite(Framework.scala:357)
	at org.scalatest.tools.Framework$ScalaTestTask.execute(Framework.scala:502)
	at sbt.ForkMain$Run$2.call(ForkMain.java:296)
	at sbt.ForkMain$Run$2.call(ForkMain.java:286)
	at java.util.concurrent.FutureTask.run(FutureTask.java:266)
	at java.util.concurrent.ThreadPoolExecutor.runWorker(ThreadPoolExecutor.java:1142)
	at java.util.concurrent.ThreadPoolExecutor$Worker.run(ThreadPoolExecutor.java:617)
	at java.lang.Thread.run(Thread.java:745)
</failure>
                                               </testcase><testcase classname="csw.examples.vslice.hcd.TromboneHCDBasicTests" name="low-level instrumented trombone HCD tests should allow homing" time="2.554">
                                                 
                                               </testcase><testcase classname="csw.examples.vslice.hcd.TromboneHCDBasicTests" name="low-level instrumented trombone HCD tests should allow a short move" time="2.016">
                                                 <failure message="java.lang.AssertionError: assertion failed: expected Initialized, found InitializeFailure(Futures timed out after [2 seconds])" type="sbt.ForkMain$ForkError">sbt.ForkMain$ForkError: java.lang.AssertionError: assertion failed: expected Initialized, found InitializeFailure(Futures timed out after [2 seconds])
	at scala.Predef$.assert(Predef.scala:170)
	at akka.testkit.TestKitBase$class.expectMsg_internal(TestKit.scala:388)
	at akka.testkit.TestKitBase$class.expectMsg(TestKit.scala:364)
	at akka.testkit.TestKit.expectMsg(TestKit.scala:814)
	at csw.examples.vslice.hcd.TromboneHCDBasicTests.lifecycleStart(TromboneHCDBasicTests.scala:67)
	at csw.examples.vslice.hcd.TromboneHCDBasicTests$$anonfun$1$$anonfun$apply$mcV$sp$7.apply$mcV$sp(TromboneHCDBasicTests.scala:239)
	at csw.examples.vslice.hcd.TromboneHCDBasicTests$$anonfun$1$$anonfun$apply$mcV$sp$7.apply(TromboneHCDBasicTests.scala:236)
	at csw.examples.vslice.hcd.TromboneHCDBasicTests$$anonfun$1$$anonfun$apply$mcV$sp$7.apply(TromboneHCDBasicTests.scala:236)
	at org.scalatest.Transformer$$anonfun$apply$1.apply$mcV$sp(Transformer.scala:22)
	at org.scalatest.OutcomeOf$class.outcomeOf(OutcomeOf.scala:85)
	at org.scalatest.OutcomeOf$.outcomeOf(OutcomeOf.scala:104)
	at org.scalatest.Transformer.apply(Transformer.scala:22)
	at org.scalatest.Transformer.apply(Transformer.scala:20)
	at org.scalatest.FunSpecLike$$anon$1.apply(FunSpecLike.scala:422)
	at org.scalatest.Suite$class.withFixture(Suite.scala:1122)
	at csw.examples.vslice.hcd.TromboneHCDBasicTests.withFixture(TromboneHCDBasicTests.scala:29)
	at org.scalatest.FunSpecLike$class.invokeWithFixture$1(FunSpecLike.scala:419)
	at org.scalatest.FunSpecLike$$anonfun$runTest$1.apply(FunSpecLike.scala:431)
	at org.scalatest.FunSpecLike$$anonfun$runTest$1.apply(FunSpecLike.scala:431)
	at org.scalatest.SuperEngine.runTestImpl(Engine.scala:306)
	at org.scalatest.FunSpecLike$class.runTest(FunSpecLike.scala:431)
	at csw.examples.vslice.hcd.TromboneHCDBasicTests.runTest(TromboneHCDBasicTests.scala:29)
	at org.scalatest.FunSpecLike$$anonfun$runTests$1.apply(FunSpecLike.scala:464)
	at org.scalatest.FunSpecLike$$anonfun$runTests$1.apply(FunSpecLike.scala:464)
	at org.scalatest.SuperEngine$$anonfun$traverseSubNodes$1$1.apply(Engine.scala:413)
	at org.scalatest.SuperEngine$$anonfun$traverseSubNodes$1$1.apply(Engine.scala:401)
	at scala.collection.immutable.List.foreach(List.scala:381)
	at org.scalatest.SuperEngine.traverseSubNodes$1(Engine.scala:401)
	at org.scalatest.SuperEngine.org$scalatest$SuperEngine$$runTestsInBranch(Engine.scala:390)
	at org.scalatest.SuperEngine$$anonfun$traverseSubNodes$1$1.apply(Engine.scala:427)
	at org.scalatest.SuperEngine$$anonfun$traverseSubNodes$1$1.apply(Engine.scala:401)
	at scala.collection.immutable.List.foreach(List.scala:381)
	at org.scalatest.SuperEngine.traverseSubNodes$1(Engine.scala:401)
	at org.scalatest.SuperEngine.org$scalatest$SuperEngine$$runTestsInBranch(Engine.scala:396)
	at org.scalatest.SuperEngine.runTestsImpl(Engine.scala:483)
	at org.scalatest.FunSpecLike$class.runTests(FunSpecLike.scala:464)
	at csw.examples.vslice.hcd.TromboneHCDBasicTests.runTests(TromboneHCDBasicTests.scala:29)
	at org.scalatest.Suite$class.run(Suite.scala:1424)
	at csw.examples.vslice.hcd.TromboneHCDBasicTests.org$scalatest$FunSpecLike$$super$run(TromboneHCDBasicTests.scala:29)
	at org.scalatest.FunSpecLike$$anonfun$run$1.apply(FunSpecLike.scala:468)
	at org.scalatest.FunSpecLike$$anonfun$run$1.apply(FunSpecLike.scala:468)
	at org.scalatest.SuperEngine.runImpl(Engine.scala:545)
	at org.scalatest.FunSpecLike$class.run(FunSpecLike.scala:468)
	at csw.examples.vslice.hcd.TromboneHCDBasicTests.org$scalatest$BeforeAndAfterAll$$super$run(TromboneHCDBasicTests.scala:29)
	at org.scalatest.BeforeAndAfterAll$class.liftedTree1$1(BeforeAndAfterAll.scala:257)
	at org.scalatest.BeforeAndAfterAll$class.run(BeforeAndAfterAll.scala:256)
	at csw.examples.vslice.hcd.TromboneHCDBasicTests.run(TromboneHCDBasicTests.scala:29)
	at org.scalatest.tools.Framework.org$scalatest$tools$Framework$$runSuite(Framework.scala:357)
	at org.scalatest.tools.Framework$ScalaTestTask.execute(Framework.scala:502)
	at sbt.ForkMain$Run$2.call(ForkMain.java:296)
	at sbt.ForkMain$Run$2.call(ForkMain.java:286)
	at java.util.concurrent.FutureTask.run(FutureTask.java:266)
	at java.util.concurrent.ThreadPoolExecutor.runWorker(ThreadPoolExecutor.java:1142)
	at java.util.concurrent.ThreadPoolExecutor$Worker.run(ThreadPoolExecutor.java:617)
	at java.lang.Thread.run(Thread.java:745)
</failure>
                                               </testcase><testcase classname="csw.examples.vslice.hcd.TromboneHCDBasicTests" name="low-level instrumented trombone HCD tests should allow continuous short values" time="3.045">
                                                 
                                               </testcase><testcase classname="csw.examples.vslice.hcd.TromboneHCDBasicTests" name="low-level instrumented trombone HCD tests place into the low limit should show entering a low limit" time="2.529">
                                                 
                                               </testcase><testcase classname="csw.examples.vslice.hcd.TromboneHCDBasicTests" name="low-level instrumented trombone HCD tests place show off low limit after low limit should show entering a low limit" time="2.018">
                                                 <failure message="java.lang.AssertionError: assertion failed: expected Initialized, found InitializeFailure(Futures timed out after [2 seconds])" type="sbt.ForkMain$ForkError">sbt.ForkMain$ForkError: java.lang.AssertionError: assertion failed: expected Initialized, found InitializeFailure(Futures timed out after [2 seconds])
	at scala.Predef$.assert(Predef.scala:170)
	at akka.testkit.TestKitBase$class.expectMsg_internal(TestKit.scala:388)
	at akka.testkit.TestKitBase$class.expectMsg(TestKit.scala:364)
	at akka.testkit.TestKit.expectMsg(TestKit.scala:814)
	at csw.examples.vslice.hcd.TromboneHCDBasicTests.lifecycleStart(TromboneHCDBasicTests.scala:67)
	at csw.examples.vslice.hcd.TromboneHCDBasicTests$$anonfun$1$$anonfun$apply$mcV$sp$12$$anonfun$apply$mcV$sp$13.apply$mcV$sp(TromboneHCDBasicTests.scala:316)
	at csw.examples.vslice.hcd.TromboneHCDBasicTests$$anonfun$1$$anonfun$apply$mcV$sp$12$$anonfun$apply$mcV$sp$13.apply(TromboneHCDBasicTests.scala:313)
	at csw.examples.vslice.hcd.TromboneHCDBasicTests$$anonfun$1$$anonfun$apply$mcV$sp$12$$anonfun$apply$mcV$sp$13.apply(TromboneHCDBasicTests.scala:313)
	at org.scalatest.Transformer$$anonfun$apply$1.apply$mcV$sp(Transformer.scala:22)
	at org.scalatest.OutcomeOf$class.outcomeOf(OutcomeOf.scala:85)
	at org.scalatest.OutcomeOf$.outcomeOf(OutcomeOf.scala:104)
	at org.scalatest.Transformer.apply(Transformer.scala:22)
	at org.scalatest.Transformer.apply(Transformer.scala:20)
	at org.scalatest.FunSpecLike$$anon$1.apply(FunSpecLike.scala:422)
	at org.scalatest.Suite$class.withFixture(Suite.scala:1122)
	at csw.examples.vslice.hcd.TromboneHCDBasicTests.withFixture(TromboneHCDBasicTests.scala:29)
	at org.scalatest.FunSpecLike$class.invokeWithFixture$1(FunSpecLike.scala:419)
	at org.scalatest.FunSpecLike$$anonfun$runTest$1.apply(FunSpecLike.scala:431)
	at org.scalatest.FunSpecLike$$anonfun$runTest$1.apply(FunSpecLike.scala:431)
	at org.scalatest.SuperEngine.runTestImpl(Engine.scala:306)
	at org.scalatest.FunSpecLike$class.runTest(FunSpecLike.scala:431)
	at csw.examples.vslice.hcd.TromboneHCDBasicTests.runTest(TromboneHCDBasicTests.scala:29)
	at org.scalatest.FunSpecLike$$anonfun$runTests$1.apply(FunSpecLike.scala:464)
	at org.scalatest.FunSpecLike$$anonfun$runTests$1.apply(FunSpecLike.scala:464)
	at org.scalatest.SuperEngine$$anonfun$traverseSubNodes$1$1.apply(Engine.scala:413)
	at org.scalatest.SuperEngine$$anonfun$traverseSubNodes$1$1.apply(Engine.scala:401)
	at scala.collection.immutable.List.foreach(List.scala:381)
	at org.scalatest.SuperEngine.traverseSubNodes$1(Engine.scala:401)
	at org.scalatest.SuperEngine.org$scalatest$SuperEngine$$runTestsInBranch(Engine.scala:390)
	at org.scalatest.SuperEngine$$anonfun$traverseSubNodes$1$1.apply(Engine.scala:427)
	at org.scalatest.SuperEngine$$anonfun$traverseSubNodes$1$1.apply(Engine.scala:401)
	at scala.collection.immutable.List.foreach(List.scala:381)
	at org.scalatest.SuperEngine.traverseSubNodes$1(Engine.scala:401)
	at org.scalatest.SuperEngine.org$scalatest$SuperEngine$$runTestsInBranch(Engine.scala:390)
	at org.scalatest.SuperEngine$$anonfun$traverseSubNodes$1$1.apply(Engine.scala:427)
	at org.scalatest.SuperEngine$$anonfun$traverseSubNodes$1$1.apply(Engine.scala:401)
	at scala.collection.immutable.List.foreach(List.scala:381)
	at org.scalatest.SuperEngine.traverseSubNodes$1(Engine.scala:401)
	at org.scalatest.SuperEngine.org$scalatest$SuperEngine$$runTestsInBranch(Engine.scala:396)
	at org.scalatest.SuperEngine.runTestsImpl(Engine.scala:483)
	at org.scalatest.FunSpecLike$class.runTests(FunSpecLike.scala:464)
	at csw.examples.vslice.hcd.TromboneHCDBasicTests.runTests(TromboneHCDBasicTests.scala:29)
	at org.scalatest.Suite$class.run(Suite.scala:1424)
	at csw.examples.vslice.hcd.TromboneHCDBasicTests.org$scalatest$FunSpecLike$$super$run(TromboneHCDBasicTests.scala:29)
	at org.scalatest.FunSpecLike$$anonfun$run$1.apply(FunSpecLike.scala:468)
	at org.scalatest.FunSpecLike$$anonfun$run$1.apply(FunSpecLike.scala:468)
	at org.scalatest.SuperEngine.runImpl(Engine.scala:545)
	at org.scalatest.FunSpecLike$class.run(FunSpecLike.scala:468)
	at csw.examples.vslice.hcd.TromboneHCDBasicTests.org$scalatest$BeforeAndAfterAll$$super$run(TromboneHCDBasicTests.scala:29)
	at org.scalatest.BeforeAndAfterAll$class.liftedTree1$1(BeforeAndAfterAll.scala:257)
	at org.scalatest.BeforeAndAfterAll$class.run(BeforeAndAfterAll.scala:256)
	at csw.examples.vslice.hcd.TromboneHCDBasicTests.run(TromboneHCDBasicTests.scala:29)
	at org.scalatest.tools.Framework.org$scalatest$tools$Framework$$runSuite(Framework.scala:357)
	at org.scalatest.tools.Framework$ScalaTestTask.execute(Framework.scala:502)
	at sbt.ForkMain$Run$2.call(ForkMain.java:296)
	at sbt.ForkMain$Run$2.call(ForkMain.java:286)
	at java.util.concurrent.FutureTask.run(FutureTask.java:266)
	at java.util.concurrent.ThreadPoolExecutor.runWorker(ThreadPoolExecutor.java:1142)
	at java.util.concurrent.ThreadPoolExecutor$Worker.run(ThreadPoolExecutor.java:617)
	at java.lang.Thread.run(Thread.java:745)
</failure>
                                               </testcase><testcase classname="csw.examples.vslice.hcd.TromboneHCDBasicTests" name="low-level instrumented trombone HCD tests place into the high limit should show entering a high limit" time="3.045">
                                                 
                                               </testcase><testcase classname="csw.examples.vslice.hcd.TromboneHCDBasicTests" name="low-level instrumented trombone HCD tests Should support a more complex series of moves should allow complex series of moves" time="6.398">
                                                 
                                               </testcase><testcase classname="csw.examples.vslice.hcd.TromboneHCDBasicTests" name="low-level instrumented trombone HCD tests Should handle a cancel of a motion start up a move and cancel it" time="2.328">
                                                 
                                               </testcase>
                     <system-out></system-out>
                     <system-err></system-err>
                   </testsuite>