<?xml version='1.0' encoding='UTF-8'?>
<testsuite hostname="tmt-wireless-users-n.caltech.edu" name="csw.examples.vslice.assembly.CommandHandlerTests" tests="14" errors="0" failures="7" time="88.947">
                     <properties>
[...]
</properties>
                     <testcase classname="csw.examples.vslice.assembly.CommandHandlerTests" name="should allow running datum directly to CommandHandler" time="10.057">
                                                 <failure message="java.lang.AssertionError: assertion failed: timeout (10 seconds) during expectMsg while waiting for LifecycleStateChanged(LifecycleInitialized)" type="sbt.ForkMain$ForkError">sbt.ForkMain$ForkError: java.lang.AssertionError: assertion failed: timeout (10 seconds) during expectMsg while waiting for LifecycleStateChanged(LifecycleInitialized)
	at scala.Predef$.assert(Predef.scala:170)
	at akka.testkit.TestKitBase$class.expectMsg_internal(TestKit.scala:387)
	at akka.testkit.TestKitBase$class.expectMsg(TestKit.scala:364)
	at akka.testkit.TestKit.expectMsg(TestKit.scala:814)
	at csw.examples.vslice.assembly.CommandHandlerTests$$anonfun$1.apply$mcV$sp(CommandHandlerTests.scala:84)
	at csw.examples.vslice.assembly.CommandHandlerTests$$anonfun$1.apply(CommandHandlerTests.scala:77)
	at csw.examples.vslice.assembly.CommandHandlerTests$$anonfun$1.apply(CommandHandlerTests.scala:77)
	at org.scalatest.Transformer$$anonfun$apply$1.apply$mcV$sp(Transformer.scala:22)
	at org.scalatest.OutcomeOf$class.outcomeOf(OutcomeOf.scala:85)
	at org.scalatest.OutcomeOf$.outcomeOf(OutcomeOf.scala:104)
	at org.scalatest.Transformer.apply(Transformer.scala:22)
	at org.scalatest.Transformer.apply(Transformer.scala:20)
	at org.scalatest.FunSpecLike$$anon$1.apply(FunSpecLike.scala:422)
	at org.scalatest.Suite$class.withFixture(Suite.scala:1122)
	at csw.examples.vslice.assembly.CommandHandlerTests.withFixture(CommandHandlerTests.scala:39)
	at org.scalatest.FunSpecLike$class.invokeWithFixture$1(FunSpecLike.scala:419)
	at org.scalatest.FunSpecLike$$anonfun$runTest$1.apply(FunSpecLike.scala:431)
	at org.scalatest.FunSpecLike$$anonfun$runTest$1.apply(FunSpecLike.scala:431)
	at org.scalatest.SuperEngine.runTestImpl(Engine.scala:306)
	at org.scalatest.FunSpecLike$class.runTest(FunSpecLike.scala:431)
	at csw.examples.vslice.assembly.CommandHandlerTests.runTest(CommandHandlerTests.scala:39)
	at org.scalatest.FunSpecLike$$anonfun$runTests$1.apply(FunSpecLike.scala:464)
	at org.scalatest.FunSpecLike$$anonfun$runTests$1.apply(FunSpecLike.scala:464)
	at org.scalatest.SuperEngine$$anonfun$traverseSubNodes$1$1.apply(Engine.scala:413)
	at org.scalatest.SuperEngine$$anonfun$traverseSubNodes$1$1.apply(Engine.scala:401)
	at scala.collection.immutable.List.foreach(List.scala:381)
	at org.scalatest.SuperEngine.traverseSubNodes$1(Engine.scala:401)
	at org.scalatest.SuperEngine.org$scalatest$SuperEngine$$runTestsInBranch(Engine.scala:396)
	at org.scalatest.SuperEngine.runTestsImpl(Engine.scala:483)
	at org.scalatest.FunSpecLike$class.runTests(FunSpecLike.scala:464)
	at csw.examples.vslice.assembly.CommandHandlerTests.runTests(CommandHandlerTests.scala:39)
	at org.scalatest.Suite$class.run(Suite.scala:1424)
	at csw.examples.vslice.assembly.CommandHandlerTests.org$scalatest$FunSpecLike$$super$run(CommandHandlerTests.scala:39)
	at org.scalatest.FunSpecLike$$anonfun$run$1.apply(FunSpecLike.scala:468)
	at org.scalatest.FunSpecLike$$anonfun$run$1.apply(FunSpecLike.scala:468)
	at org.scalatest.SuperEngine.runImpl(Engine.scala:545)
	at org.scalatest.FunSpecLike$class.run(FunSpecLike.scala:468)
	at csw.examples.vslice.assembly.CommandHandlerTests.org$scalatest$BeforeAndAfterAll$$super$run(CommandHandlerTests.scala:39)
	at org.scalatest.BeforeAndAfterAll$class.liftedTree1$1(BeforeAndAfterAll.scala:257)
	at org.scalatest.BeforeAndAfterAll$class.run(BeforeAndAfterAll.scala:256)
	at csw.examples.vslice.assembly.CommandHandlerTests.run(CommandHandlerTests.scala:39)
	at org.scalatest.tools.Framework.org$scalatest$tools$Framework$$runSuite(Framework.scala:357)
	at org.scalatest.tools.Framework$ScalaTestTask.execute(Framework.scala:502)
	at sbt.ForkMain$Run$2.call(ForkMain.java:296)
	at sbt.ForkMain$Run$2.call(ForkMain.java:286)
	at java.util.concurrent.FutureTask.run(FutureTask.java:266)
	at java.util.concurrent.ThreadPoolExecutor.runWorker(ThreadPoolExecutor.java:1142)
	at java.util.concurrent.ThreadPoolExecutor$Worker.run(ThreadPoolExecutor.java:617)
	at java.lang.Thread.run(Thread.java:745)
</failure>
                                               </testcase><testcase classname="csw.examples.vslice.assembly.CommandHandlerTests" name="datum should handle change in HCD" time="4.232">
                                                 <failure message="org.scalatest.exceptions.TestFailedException: Completed was not an instance of csw.services.ccs.CommandStatus$NoLongerValid, but an instance of csw.services.ccs.CommandStatus$Completed$" type="sbt.ForkMain$ForkError">sbt.ForkMain$ForkError: org.scalatest.exceptions.TestFailedException: Completed was not an instance of csw.services.ccs.CommandStatus$NoLongerValid, but an instance of csw.services.ccs.CommandStatus$Completed$
	at org.scalatest.MatchersHelper$.newTestFailedException(MatchersHelper.scala:160)
	at org.scalatest.matchers.TypeMatcherHelper$.checkAType(TypeMatcherHelper.scala:123)
	at csw.examples.vslice.assembly.CommandHandlerTests$$anonfun$2.apply$mcV$sp(CommandHandlerTests.scala:147)
	at csw.examples.vslice.assembly.CommandHandlerTests$$anonfun$2.apply(CommandHandlerTests.scala:115)
	at csw.examples.vslice.assembly.CommandHandlerTests$$anonfun$2.apply(CommandHandlerTests.scala:115)
	at org.scalatest.Transformer$$anonfun$apply$1.apply$mcV$sp(Transformer.scala:22)
	at org.scalatest.OutcomeOf$class.outcomeOf(OutcomeOf.scala:85)
	at org.scalatest.OutcomeOf$.outcomeOf(OutcomeOf.scala:104)
	at org.scalatest.Transformer.apply(Transformer.scala:22)
	at org.scalatest.Transformer.apply(Transformer.scala:20)
	at org.scalatest.FunSpecLike$$anon$1.apply(FunSpecLike.scala:422)
	at org.scalatest.Suite$class.withFixture(Suite.scala:1122)
	at csw.examples.vslice.assembly.CommandHandlerTests.withFixture(CommandHandlerTests.scala:39)
	at org.scalatest.FunSpecLike$class.invokeWithFixture$1(FunSpecLike.scala:419)
	at org.scalatest.FunSpecLike$$anonfun$runTest$1.apply(FunSpecLike.scala:431)
	at org.scalatest.FunSpecLike$$anonfun$runTest$1.apply(FunSpecLike.scala:431)
	at org.scalatest.SuperEngine.runTestImpl(Engine.scala:306)
	at org.scalatest.FunSpecLike$class.runTest(FunSpecLike.scala:431)
	at csw.examples.vslice.assembly.CommandHandlerTests.runTest(CommandHandlerTests.scala:39)
	at org.scalatest.FunSpecLike$$anonfun$runTests$1.apply(FunSpecLike.scala:464)
	at org.scalatest.FunSpecLike$$anonfun$runTests$1.apply(FunSpecLike.scala:464)
	at org.scalatest.SuperEngine$$anonfun$traverseSubNodes$1$1.apply(Engine.scala:413)
	at org.scalatest.SuperEngine$$anonfun$traverseSubNodes$1$1.apply(Engine.scala:401)
	at scala.collection.immutable.List.foreach(List.scala:381)
	at org.scalatest.SuperEngine.traverseSubNodes$1(Engine.scala:401)
	at org.scalatest.SuperEngine.org$scalatest$SuperEngine$$runTestsInBranch(Engine.scala:396)
	at org.scalatest.SuperEngine.runTestsImpl(Engine.scala:483)
	at org.scalatest.FunSpecLike$class.runTests(FunSpecLike.scala:464)
	at csw.examples.vslice.assembly.CommandHandlerTests.runTests(CommandHandlerTests.scala:39)
	at org.scalatest.Suite$class.run(Suite.scala:1424)
	at csw.examples.vslice.assembly.CommandHandlerTests.org$scalatest$FunSpecLike$$super$run(CommandHandlerTests.scala:39)
	at org.scalatest.FunSpecLike$$anonfun$run$1.apply(FunSpecLike.scala:468)
	at org.scalatest.FunSpecLike$$anonfun$run$1.apply(FunSpecLike.scala:468)
	at org.scalatest.SuperEngine.runImpl(Engine.scala:545)
	at org.scalatest.FunSpecLike$class.run(FunSpecLike.scala:468)
	at csw.examples.vslice.assembly.CommandHandlerTests.org$scalatest$BeforeAndAfterAll$$super$run(CommandHandlerTests.scala:39)
	at org.scalatest.BeforeAndAfterAll$class.liftedTree1$1(BeforeAndAfterAll.scala:257)
	at org.scalatest.BeforeAndAfterAll$class.run(BeforeAndAfterAll.scala:256)
	at csw.examples.vslice.assembly.CommandHandlerTests.run(CommandHandlerTests.scala:39)
	at org.scalatest.tools.Framework.org$scalatest$tools$Framework$$runSuite(Framework.scala:357)
	at org.scalatest.tools.Framework$ScalaTestTask.execute(Framework.scala:502)
	at sbt.ForkMain$Run$2.call(ForkMain.java:296)
	at sbt.ForkMain$Run$2.call(ForkMain.java:286)
	at java.util.concurrent.FutureTask.run(FutureTask.java:266)
	at java.util.concurrent.ThreadPoolExecutor.runWorker(ThreadPoolExecutor.java:1142)
	at java.util.concurrent.ThreadPoolExecutor$Worker.run(ThreadPoolExecutor.java:617)
	at java.lang.Thread.run(Thread.java:745)
</failure>
                                               </testcase><testcase classname="csw.examples.vslice.assembly.CommandHandlerTests" name="should allow running datum through SequentialExecutor" time="3.218">
                                                 
                                               </testcase><testcase classname="csw.examples.vslice.assembly.CommandHandlerTests" name="should allow running move" time="2.702">
                                                 
                                               </testcase><testcase classname="csw.examples.vslice.assembly.CommandHandlerTests" name="should allow running a move without sequence" time="10.043">
                                                 <failure message="java.lang.AssertionError: assertion failed: timeout (10 seconds) during expectMsg while waiting for LifecycleStateChanged(LifecycleInitialized)" type="sbt.ForkMain$ForkError">sbt.ForkMain$ForkError: java.lang.AssertionError: assertion failed: timeout (10 seconds) during expectMsg while waiting for LifecycleStateChanged(LifecycleInitialized)
	at scala.Predef$.assert(Predef.scala:170)
	at akka.testkit.TestKitBase$class.expectMsg_internal(TestKit.scala:387)
	at akka.testkit.TestKitBase$class.expectMsg(TestKit.scala:364)
	at akka.testkit.TestKit.expectMsg(TestKit.scala:814)
	at csw.examples.vslice.assembly.CommandHandlerTests$$anonfun$5.apply$mcV$sp(CommandHandlerTests.scala:254)
	at csw.examples.vslice.assembly.CommandHandlerTests$$anonfun$5.apply(CommandHandlerTests.scala:247)
	at csw.examples.vslice.assembly.CommandHandlerTests$$anonfun$5.apply(CommandHandlerTests.scala:247)
	at org.scalatest.Transformer$$anonfun$apply$1.apply$mcV$sp(Transformer.scala:22)
	at org.scalatest.OutcomeOf$class.outcomeOf(OutcomeOf.scala:85)
	at org.scalatest.OutcomeOf$.outcomeOf(OutcomeOf.scala:104)
	at org.scalatest.Transformer.apply(Transformer.scala:22)
	at org.scalatest.Transformer.apply(Transformer.scala:20)
	at org.scalatest.FunSpecLike$$anon$1.apply(FunSpecLike.scala:422)
	at org.scalatest.Suite$class.withFixture(Suite.scala:1122)
	at csw.examples.vslice.assembly.CommandHandlerTests.withFixture(CommandHandlerTests.scala:39)
	at org.scalatest.FunSpecLike$class.invokeWithFixture$1(FunSpecLike.scala:419)
	at org.scalatest.FunSpecLike$$anonfun$runTest$1.apply(FunSpecLike.scala:431)
	at org.scalatest.FunSpecLike$$anonfun$runTest$1.apply(FunSpecLike.scala:431)
	at org.scalatest.SuperEngine.runTestImpl(Engine.scala:306)
	at org.scalatest.FunSpecLike$class.runTest(FunSpecLike.scala:431)
	at csw.examples.vslice.assembly.CommandHandlerTests.runTest(CommandHandlerTests.scala:39)
	at org.scalatest.FunSpecLike$$anonfun$runTests$1.apply(FunSpecLike.scala:464)
	at org.scalatest.FunSpecLike$$anonfun$runTests$1.apply(FunSpecLike.scala:464)
	at org.scalatest.SuperEngine$$anonfun$traverseSubNodes$1$1.apply(Engine.scala:413)
	at org.scalatest.SuperEngine$$anonfun$traverseSubNodes$1$1.apply(Engine.scala:401)
	at scala.collection.immutable.List.foreach(List.scala:381)
	at org.scalatest.SuperEngine.traverseSubNodes$1(Engine.scala:401)
	at org.scalatest.SuperEngine.org$scalatest$SuperEngine$$runTestsInBranch(Engine.scala:396)
	at org.scalatest.SuperEngine.runTestsImpl(Engine.scala:483)
	at org.scalatest.FunSpecLike$class.runTests(FunSpecLike.scala:464)
	at csw.examples.vslice.assembly.CommandHandlerTests.runTests(CommandHandlerTests.scala:39)
	at org.scalatest.Suite$class.run(Suite.scala:1424)
	at csw.examples.vslice.assembly.CommandHandlerTests.org$scalatest$FunSpecLike$$super$run(CommandHandlerTests.scala:39)
	at org.scalatest.FunSpecLike$$anonfun$run$1.apply(FunSpecLike.scala:468)
	at org.scalatest.FunSpecLike$$anonfun$run$1.apply(FunSpecLike.scala:468)
	at org.scalatest.SuperEngine.runImpl(Engine.scala:545)
	at org.scalatest.FunSpecLike$class.run(FunSpecLike.scala:468)
	at csw.examples.vslice.assembly.CommandHandlerTests.org$scalatest$BeforeAndAfterAll$$super$run(CommandHandlerTests.scala:39)
	at org.scalatest.BeforeAndAfterAll$class.liftedTree1$1(BeforeAndAfterAll.scala:257)
	at org.scalatest.BeforeAndAfterAll$class.run(BeforeAndAfterAll.scala:256)
	at csw.examples.vslice.assembly.CommandHandlerTests.run(CommandHandlerTests.scala:39)
	at org.scalatest.tools.Framework.org$scalatest$tools$Framework$$runSuite(Framework.scala:357)
	at org.scalatest.tools.Framework$ScalaTestTask.execute(Framework.scala:502)
	at sbt.ForkMain$Run$2.call(ForkMain.java:296)
	at sbt.ForkMain$Run$2.call(ForkMain.java:286)
	at java.util.concurrent.FutureTask.run(FutureTask.java:266)
	at java.util.concurrent.ThreadPoolExecutor.runWorker(ThreadPoolExecutor.java:1142)
	at java.util.concurrent.ThreadPoolExecutor$Worker.run(ThreadPoolExecutor.java:617)
	at java.lang.Thread.run(Thread.java:745)
</failure>
                                               </testcase><testcase classname="csw.examples.vslice.assembly.CommandHandlerTests" name="should allow two moves" time="3.839">
                                                 
                                               </testcase><testcase classname="csw.examples.vslice.assembly.CommandHandlerTests" name="should allow a move with a stop" time="10.043">
                                                 <failure message="java.lang.AssertionError: assertion failed: timeout (10 seconds) during expectMsg while waiting for LifecycleStateChanged(LifecycleInitialized)" type="sbt.ForkMain$ForkError">sbt.ForkMain$ForkError: java.lang.AssertionError: assertion failed: timeout (10 seconds) during expectMsg while waiting for LifecycleStateChanged(LifecycleInitialized)
	at scala.Predef$.assert(Predef.scala:170)
	at akka.testkit.TestKitBase$class.expectMsg_internal(TestKit.scala:387)
	at akka.testkit.TestKitBase$class.expectMsg(TestKit.scala:364)
	at akka.testkit.TestKit.expectMsg(TestKit.scala:814)
	at csw.examples.vslice.assembly.CommandHandlerTests$$anonfun$7.apply$mcV$sp(CommandHandlerTests.scala:319)
	at csw.examples.vslice.assembly.CommandHandlerTests$$anonfun$7.apply(CommandHandlerTests.scala:312)
	at csw.examples.vslice.assembly.CommandHandlerTests$$anonfun$7.apply(CommandHandlerTests.scala:312)
	at org.scalatest.Transformer$$anonfun$apply$1.apply$mcV$sp(Transformer.scala:22)
	at org.scalatest.OutcomeOf$class.outcomeOf(OutcomeOf.scala:85)
	at org.scalatest.OutcomeOf$.outcomeOf(OutcomeOf.scala:104)
	at org.scalatest.Transformer.apply(Transformer.scala:22)
	at org.scalatest.Transformer.apply(Transformer.scala:20)
	at org.scalatest.FunSpecLike$$anon$1.apply(FunSpecLike.scala:422)
	at org.scalatest.Suite$class.withFixture(Suite.scala:1122)
	at csw.examples.vslice.assembly.CommandHandlerTests.withFixture(CommandHandlerTests.scala:39)
	at org.scalatest.FunSpecLike$class.invokeWithFixture$1(FunSpecLike.scala:419)
	at org.scalatest.FunSpecLike$$anonfun$runTest$1.apply(FunSpecLike.scala:431)
	at org.scalatest.FunSpecLike$$anonfun$runTest$1.apply(FunSpecLike.scala:431)
	at org.scalatest.SuperEngine.runTestImpl(Engine.scala:306)
	at org.scalatest.FunSpecLike$class.runTest(FunSpecLike.scala:431)
	at csw.examples.vslice.assembly.CommandHandlerTests.runTest(CommandHandlerTests.scala:39)
	at org.scalatest.FunSpecLike$$anonfun$runTests$1.apply(FunSpecLike.scala:464)
	at org.scalatest.FunSpecLike$$anonfun$runTests$1.apply(FunSpecLike.scala:464)
	at org.scalatest.SuperEngine$$anonfun$traverseSubNodes$1$1.apply(Engine.scala:413)
	at org.scalatest.SuperEngine$$anonfun$traverseSubNodes$1$1.apply(Engine.scala:401)
	at scala.collection.immutable.List.foreach(List.scala:381)
	at org.scalatest.SuperEngine.traverseSubNodes$1(Engine.scala:401)
	at org.scalatest.SuperEngine.org$scalatest$SuperEngine$$runTestsInBranch(Engine.scala:396)
	at org.scalatest.SuperEngine.runTestsImpl(Engine.scala:483)
	at org.scalatest.FunSpecLike$class.runTests(FunSpecLike.scala:464)
	at csw.examples.vslice.assembly.CommandHandlerTests.runTests(CommandHandlerTests.scala:39)
	at org.scalatest.Suite$class.run(Suite.scala:1424)
	at csw.examples.vslice.assembly.CommandHandlerTests.org$scalatest$FunSpecLike$$super$run(CommandHandlerTests.scala:39)
	at org.scalatest.FunSpecLike$$anonfun$run$1.apply(FunSpecLike.scala:468)
	at org.scalatest.FunSpecLike$$anonfun$run$1.apply(FunSpecLike.scala:468)
	at org.scalatest.SuperEngine.runImpl(Engine.scala:545)
	at org.scalatest.FunSpecLike$class.run(FunSpecLike.scala:468)
	at csw.examples.vslice.assembly.CommandHandlerTests.org$scalatest$BeforeAndAfterAll$$super$run(CommandHandlerTests.scala:39)
	at org.scalatest.BeforeAndAfterAll$class.liftedTree1$1(BeforeAndAfterAll.scala:257)
	at org.scalatest.BeforeAndAfterAll$class.run(BeforeAndAfterAll.scala:256)
	at csw.examples.vslice.assembly.CommandHandlerTests.run(CommandHandlerTests.scala:39)
	at org.scalatest.tools.Framework.org$scalatest$tools$Framework$$runSuite(Framework.scala:357)
	at org.scalatest.tools.Framework$ScalaTestTask.execute(Framework.scala:502)
	at sbt.ForkMain$Run$2.call(ForkMain.java:296)
	at sbt.ForkMain$Run$2.call(ForkMain.java:286)
	at java.util.concurrent.FutureTask.run(FutureTask.java:266)
	at java.util.concurrent.ThreadPoolExecutor.runWorker(ThreadPoolExecutor.java:1142)
	at java.util.concurrent.ThreadPoolExecutor$Worker.run(ThreadPoolExecutor.java:617)
	at java.lang.Thread.run(Thread.java:745)
</failure>
                                               </testcase><testcase classname="csw.examples.vslice.assembly.CommandHandlerTests" name="should allow a single position command" time="2.806">
                                                 
                                               </testcase><testcase classname="csw.examples.vslice.assembly.CommandHandlerTests" name="should allow a set of positions for the fun of it" time="10.045">
                                                 <failure message="java.lang.AssertionError: assertion failed: timeout (10 seconds) during expectMsg while waiting for LifecycleStateChanged(LifecycleInitialized)" type="sbt.ForkMain$ForkError">sbt.ForkMain$ForkError: java.lang.AssertionError: assertion failed: timeout (10 seconds) during expectMsg while waiting for LifecycleStateChanged(LifecycleInitialized)
	at scala.Predef$.assert(Predef.scala:170)
	at akka.testkit.TestKitBase$class.expectMsg_internal(TestKit.scala:387)
	at akka.testkit.TestKitBase$class.expectMsg(TestKit.scala:364)
	at akka.testkit.TestKit.expectMsg(TestKit.scala:814)
	at csw.examples.vslice.assembly.CommandHandlerTests$$anonfun$9.apply$mcV$sp(CommandHandlerTests.scala:393)
	at csw.examples.vslice.assembly.CommandHandlerTests$$anonfun$9.apply(CommandHandlerTests.scala:386)
	at csw.examples.vslice.assembly.CommandHandlerTests$$anonfun$9.apply(CommandHandlerTests.scala:386)
	at org.scalatest.Transformer$$anonfun$apply$1.apply$mcV$sp(Transformer.scala:22)
	at org.scalatest.OutcomeOf$class.outcomeOf(OutcomeOf.scala:85)
	at org.scalatest.OutcomeOf$.outcomeOf(OutcomeOf.scala:104)
	at org.scalatest.Transformer.apply(Transformer.scala:22)
	at org.scalatest.Transformer.apply(Transformer.scala:20)
	at org.scalatest.FunSpecLike$$anon$1.apply(FunSpecLike.scala:422)
	at org.scalatest.Suite$class.withFixture(Suite.scala:1122)
	at csw.examples.vslice.assembly.CommandHandlerTests.withFixture(CommandHandlerTests.scala:39)
	at org.scalatest.FunSpecLike$class.invokeWithFixture$1(FunSpecLike.scala:419)
	at org.scalatest.FunSpecLike$$anonfun$runTest$1.apply(FunSpecLike.scala:431)
	at org.scalatest.FunSpecLike$$anonfun$runTest$1.apply(FunSpecLike.scala:431)
	at org.scalatest.SuperEngine.runTestImpl(Engine.scala:306)
	at org.scalatest.FunSpecLike$class.runTest(FunSpecLike.scala:431)
	at csw.examples.vslice.assembly.CommandHandlerTests.runTest(CommandHandlerTests.scala:39)
	at org.scalatest.FunSpecLike$$anonfun$runTests$1.apply(FunSpecLike.scala:464)
	at org.scalatest.FunSpecLike$$anonfun$runTests$1.apply(FunSpecLike.scala:464)
	at org.scalatest.SuperEngine$$anonfun$traverseSubNodes$1$1.apply(Engine.scala:413)
	at org.scalatest.SuperEngine$$anonfun$traverseSubNodes$1$1.apply(Engine.scala:401)
	at scala.collection.immutable.List.foreach(List.scala:381)
	at org.scalatest.SuperEngine.traverseSubNodes$1(Engine.scala:401)
	at org.scalatest.SuperEngine.org$scalatest$SuperEngine$$runTestsInBranch(Engine.scala:396)
	at org.scalatest.SuperEngine.runTestsImpl(Engine.scala:483)
	at org.scalatest.FunSpecLike$class.runTests(FunSpecLike.scala:464)
	at csw.examples.vslice.assembly.CommandHandlerTests.runTests(CommandHandlerTests.scala:39)
	at org.scalatest.Suite$class.run(Suite.scala:1424)
	at csw.examples.vslice.assembly.CommandHandlerTests.org$scalatest$FunSpecLike$$super$run(CommandHandlerTests.scala:39)
	at org.scalatest.FunSpecLike$$anonfun$run$1.apply(FunSpecLike.scala:468)
	at org.scalatest.FunSpecLike$$anonfun$run$1.apply(FunSpecLike.scala:468)
	at org.scalatest.SuperEngine.runImpl(Engine.scala:545)
	at org.scalatest.FunSpecLike$class.run(FunSpecLike.scala:468)
	at csw.examples.vslice.assembly.CommandHandlerTests.org$scalatest$BeforeAndAfterAll$$super$run(CommandHandlerTests.scala:39)
	at org.scalatest.BeforeAndAfterAll$class.liftedTree1$1(BeforeAndAfterAll.scala:257)
	at org.scalatest.BeforeAndAfterAll$class.run(BeforeAndAfterAll.scala:256)
	at csw.examples.vslice.assembly.CommandHandlerTests.run(CommandHandlerTests.scala:39)
	at org.scalatest.tools.Framework.org$scalatest$tools$Framework$$runSuite(Framework.scala:357)
	at org.scalatest.tools.Framework$ScalaTestTask.execute(Framework.scala:502)
	at sbt.ForkMain$Run$2.call(ForkMain.java:296)
	at sbt.ForkMain$Run$2.call(ForkMain.java:286)
	at java.util.concurrent.FutureTask.run(FutureTask.java:266)
	at java.util.concurrent.ThreadPoolExecutor.runWorker(ThreadPoolExecutor.java:1142)
	at java.util.concurrent.ThreadPoolExecutor$Worker.run(ThreadPoolExecutor.java:617)
	at java.lang.Thread.run(Thread.java:745)
</failure>
                                               </testcase><testcase classname="csw.examples.vslice.assembly.CommandHandlerTests" name="should allow running a setElevation without sequence" time="10.047">
                                                 <failure message="java.lang.AssertionError: assertion failed: timeout (10 seconds) during expectMsg while waiting for LifecycleStateChanged(LifecycleInitialized)" type="sbt.ForkMain$ForkError">sbt.ForkMain$ForkError: java.lang.AssertionError: assertion failed: timeout (10 seconds) during expectMsg while waiting for LifecycleStateChanged(LifecycleInitialized)
	at scala.Predef$.assert(Predef.scala:170)
	at akka.testkit.TestKitBase$class.expectMsg_internal(TestKit.scala:387)
	at akka.testkit.TestKitBase$class.expectMsg(TestKit.scala:364)
	at akka.testkit.TestKit.expectMsg(TestKit.scala:814)
	at csw.examples.vslice.assembly.CommandHandlerTests$$anonfun$10.apply$mcV$sp(CommandHandlerTests.scala:430)
	at csw.examples.vslice.assembly.CommandHandlerTests$$anonfun$10.apply(CommandHandlerTests.scala:423)
	at csw.examples.vslice.assembly.CommandHandlerTests$$anonfun$10.apply(CommandHandlerTests.scala:423)
	at org.scalatest.Transformer$$anonfun$apply$1.apply$mcV$sp(Transformer.scala:22)
	at org.scalatest.OutcomeOf$class.outcomeOf(OutcomeOf.scala:85)
	at org.scalatest.OutcomeOf$.outcomeOf(OutcomeOf.scala:104)
	at org.scalatest.Transformer.apply(Transformer.scala:22)
	at org.scalatest.Transformer.apply(Transformer.scala:20)
	at org.scalatest.FunSpecLike$$anon$1.apply(FunSpecLike.scala:422)
	at org.scalatest.Suite$class.withFixture(Suite.scala:1122)
	at csw.examples.vslice.assembly.CommandHandlerTests.withFixture(CommandHandlerTests.scala:39)
	at org.scalatest.FunSpecLike$class.invokeWithFixture$1(FunSpecLike.scala:419)
	at org.scalatest.FunSpecLike$$anonfun$runTest$1.apply(FunSpecLike.scala:431)
	at org.scalatest.FunSpecLike$$anonfun$runTest$1.apply(FunSpecLike.scala:431)
	at org.scalatest.SuperEngine.runTestImpl(Engine.scala:306)
	at org.scalatest.FunSpecLike$class.runTest(FunSpecLike.scala:431)
	at csw.examples.vslice.assembly.CommandHandlerTests.runTest(CommandHandlerTests.scala:39)
	at org.scalatest.FunSpecLike$$anonfun$runTests$1.apply(FunSpecLike.scala:464)
	at org.scalatest.FunSpecLike$$anonfun$runTests$1.apply(FunSpecLike.scala:464)
	at org.scalatest.SuperEngine$$anonfun$traverseSubNodes$1$1.apply(Engine.scala:413)
	at org.scalatest.SuperEngine$$anonfun$traverseSubNodes$1$1.apply(Engine.scala:401)
	at scala.collection.immutable.List.foreach(List.scala:381)
	at org.scalatest.SuperEngine.traverseSubNodes$1(Engine.scala:401)
	at org.scalatest.SuperEngine.org$scalatest$SuperEngine$$runTestsInBranch(Engine.scala:396)
	at org.scalatest.SuperEngine.runTestsImpl(Engine.scala:483)
	at org.scalatest.FunSpecLike$class.runTests(FunSpecLike.scala:464)
	at csw.examples.vslice.assembly.CommandHandlerTests.runTests(CommandHandlerTests.scala:39)
	at org.scalatest.Suite$class.run(Suite.scala:1424)
	at csw.examples.vslice.assembly.CommandHandlerTests.org$scalatest$FunSpecLike$$super$run(CommandHandlerTests.scala:39)
	at org.scalatest.FunSpecLike$$anonfun$run$1.apply(FunSpecLike.scala:468)
	at org.scalatest.FunSpecLike$$anonfun$run$1.apply(FunSpecLike.scala:468)
	at org.scalatest.SuperEngine.runImpl(Engine.scala:545)
	at org.scalatest.FunSpecLike$class.run(FunSpecLike.scala:468)
	at csw.examples.vslice.assembly.CommandHandlerTests.org$scalatest$BeforeAndAfterAll$$super$run(CommandHandlerTests.scala:39)
	at org.scalatest.BeforeAndAfterAll$class.liftedTree1$1(BeforeAndAfterAll.scala:257)
	at org.scalatest.BeforeAndAfterAll$class.run(BeforeAndAfterAll.scala:256)
	at csw.examples.vslice.assembly.CommandHandlerTests.run(CommandHandlerTests.scala:39)
	at org.scalatest.tools.Framework.org$scalatest$tools$Framework$$runSuite(Framework.scala:357)
	at org.scalatest.tools.Framework$ScalaTestTask.execute(Framework.scala:502)
	at sbt.ForkMain$Run$2.call(ForkMain.java:296)
	at sbt.ForkMain$Run$2.call(ForkMain.java:286)
	at java.util.concurrent.FutureTask.run(FutureTask.java:266)
	at java.util.concurrent.ThreadPoolExecutor.runWorker(ThreadPoolExecutor.java:1142)
	at java.util.concurrent.ThreadPoolExecutor$Worker.run(ThreadPoolExecutor.java:617)
	at java.lang.Thread.run(Thread.java:745)
</failure>
                                               </testcase><testcase classname="csw.examples.vslice.assembly.CommandHandlerTests" name="should get error for setAngle when not following" time="2.189">
                                                 
                                               </testcase><testcase classname="csw.examples.vslice.assembly.CommandHandlerTests" name="should allow follow and a stop" time="10.043">
                                                 <failure message="java.lang.AssertionError: assertion failed: timeout (10 seconds) during expectMsg while waiting for LifecycleStateChanged(LifecycleInitialized)" type="sbt.ForkMain$ForkError">sbt.ForkMain$ForkError: java.lang.AssertionError: assertion failed: timeout (10 seconds) during expectMsg while waiting for LifecycleStateChanged(LifecycleInitialized)
	at scala.Predef$.assert(Predef.scala:170)
	at akka.testkit.TestKitBase$class.expectMsg_internal(TestKit.scala:387)
	at akka.testkit.TestKitBase$class.expectMsg(TestKit.scala:364)
	at akka.testkit.TestKit.expectMsg(TestKit.scala:814)
	at csw.examples.vslice.assembly.CommandHandlerTests$$anonfun$12.apply$mcV$sp(CommandHandlerTests.scala:490)
	at csw.examples.vslice.assembly.CommandHandlerTests$$anonfun$12.apply(CommandHandlerTests.scala:482)
	at csw.examples.vslice.assembly.CommandHandlerTests$$anonfun$12.apply(CommandHandlerTests.scala:482)
	at org.scalatest.Transformer$$anonfun$apply$1.apply$mcV$sp(Transformer.scala:22)
	at org.scalatest.OutcomeOf$class.outcomeOf(OutcomeOf.scala:85)
	at org.scalatest.OutcomeOf$.outcomeOf(OutcomeOf.scala:104)
	at org.scalatest.Transformer.apply(Transformer.scala:22)
	at org.scalatest.Transformer.apply(Transformer.scala:20)
	at org.scalatest.FunSpecLike$$anon$1.apply(FunSpecLike.scala:422)
	at org.scalatest.Suite$class.withFixture(Suite.scala:1122)
	at csw.examples.vslice.assembly.CommandHandlerTests.withFixture(CommandHandlerTests.scala:39)
	at org.scalatest.FunSpecLike$class.invokeWithFixture$1(FunSpecLike.scala:419)
	at org.scalatest.FunSpecLike$$anonfun$runTest$1.apply(FunSpecLike.scala:431)
	at org.scalatest.FunSpecLike$$anonfun$runTest$1.apply(FunSpecLike.scala:431)
	at org.scalatest.SuperEngine.runTestImpl(Engine.scala:306)
	at org.scalatest.FunSpecLike$class.runTest(FunSpecLike.scala:431)
	at csw.examples.vslice.assembly.CommandHandlerTests.runTest(CommandHandlerTests.scala:39)
	at org.scalatest.FunSpecLike$$anonfun$runTests$1.apply(FunSpecLike.scala:464)
	at org.scalatest.FunSpecLike$$anonfun$runTests$1.apply(FunSpecLike.scala:464)
	at org.scalatest.SuperEngine$$anonfun$traverseSubNodes$1$1.apply(Engine.scala:413)
	at org.scalatest.SuperEngine$$anonfun$traverseSubNodes$1$1.apply(Engine.scala:401)
	at scala.collection.immutable.List.foreach(List.scala:381)
	at org.scalatest.SuperEngine.traverseSubNodes$1(Engine.scala:401)
	at org.scalatest.SuperEngine.org$scalatest$SuperEngine$$runTestsInBranch(Engine.scala:396)
	at org.scalatest.SuperEngine.runTestsImpl(Engine.scala:483)
	at org.scalatest.FunSpecLike$class.runTests(FunSpecLike.scala:464)
	at csw.examples.vslice.assembly.CommandHandlerTests.runTests(CommandHandlerTests.scala:39)
	at org.scalatest.Suite$class.run(Suite.scala:1424)
	at csw.examples.vslice.assembly.CommandHandlerTests.org$scalatest$FunSpecLike$$super$run(CommandHandlerTests.scala:39)
	at org.scalatest.FunSpecLike$$anonfun$run$1.apply(FunSpecLike.scala:468)
	at org.scalatest.FunSpecLike$$anonfun$run$1.apply(FunSpecLike.scala:468)
	at org.scalatest.SuperEngine.runImpl(Engine.scala:545)
	at org.scalatest.FunSpecLike$class.run(FunSpecLike.scala:468)
	at csw.examples.vslice.assembly.CommandHandlerTests.org$scalatest$BeforeAndAfterAll$$super$run(CommandHandlerTests.scala:39)
	at org.scalatest.BeforeAndAfterAll$class.liftedTree1$1(BeforeAndAfterAll.scala:257)
	at org.scalatest.BeforeAndAfterAll$class.run(BeforeAndAfterAll.scala:256)
	at csw.examples.vslice.assembly.CommandHandlerTests.run(CommandHandlerTests.scala:39)
	at org.scalatest.tools.Framework.org$scalatest$tools$Framework$$runSuite(Framework.scala:357)
	at org.scalatest.tools.Framework$ScalaTestTask.execute(Framework.scala:502)
	at sbt.ForkMain$Run$2.call(ForkMain.java:296)
	at sbt.ForkMain$Run$2.call(ForkMain.java:286)
	at java.util.concurrent.FutureTask.run(FutureTask.java:266)
	at java.util.concurrent.ThreadPoolExecutor.runWorker(ThreadPoolExecutor.java:1142)
	at java.util.concurrent.ThreadPoolExecutor$Worker.run(ThreadPoolExecutor.java:617)
	at java.lang.Thread.run(Thread.java:745)
</failure>
                                               </testcase><testcase classname="csw.examples.vslice.assembly.CommandHandlerTests" name="should allow follow, with two SetAngles and stop" time="4.339">
                                                 
                                               </testcase><testcase classname="csw.examples.vslice.assembly.CommandHandlerTests" name="should allow one Arg with setElevation, follow, SetAngle and stop as a single sequence" time="5.344">
                                                 
                                               </testcase>
                     <system-out></system-out>
                     <system-err></system-err>
                   </testsuite>