<?xml version='1.0' encoding='UTF-8'?>
<testsuite hostname="tmt-wireless-users-n.caltech.edu" name="csw.examples.vslice.hcd.SingleAxisSimulatorTests" tests="18" errors="0" failures="0" time="6.013">
                     <properties>
[...]
</properties>
                     <testcase classname="csw.examples.vslice.hcd.SingleAxisSimulatorTests" name="Testing steps calc should calculate different number of steps based on the size of the move" time="0.001">
                                                 
                                               </testcase><testcase classname="csw.examples.vslice.hcd.SingleAxisSimulatorTests" name="Testing steps calc should also work with step size" time="0.0">
                                                 
                                               </testcase><testcase classname="csw.examples.vslice.hcd.SingleAxisSimulatorTests" name="Testing steps calc should work with step size of 1 (bug found)" time="0.0">
                                                 
                                               </testcase><testcase classname="csw.examples.vslice.hcd.SingleAxisSimulatorTests" name="motion worker setup should be initialized properly" time="0.002">
                                                 
                                               </testcase><testcase classname="csw.examples.vslice.hcd.SingleAxisSimulatorTests" name="motion worker forward should allow simulation on increasing encoder steps" time="0.137">
                                                 
                                               </testcase><testcase classname="csw.examples.vslice.hcd.SingleAxisSimulatorTests" name="motion worker reverse should allow creation based on negative encoder steps" time="0.127">
                                                 
                                               </testcase><testcase classname="csw.examples.vslice.hcd.SingleAxisSimulatorTests" name="simulate continuous motion with motion worker should allow creation based on negative encoder steps" time="0.064">
                                                 
                                               </testcase><testcase classname="csw.examples.vslice.hcd.SingleAxisSimulatorTests" name="motion worker cancel should allow cancelling after a few steps" time="0.811">
                                                 
                                               </testcase><testcase classname="csw.examples.vslice.hcd.SingleAxisSimulatorTests" name="test single axis should be creatable and initialize" time="0.001">
                                                 
                                               </testcase><testcase classname="csw.examples.vslice.hcd.SingleAxisSimulatorTests" name="test single axis limitMove should clamp values" time="0.0">
                                                 
                                               </testcase><testcase classname="csw.examples.vslice.hcd.SingleAxisSimulatorTests" name="test single axis Should init properly" time="1.005">
                                                 
                                               </testcase><testcase classname="csw.examples.vslice.hcd.SingleAxisSimulatorTests" name="test single axis Should home properly" time="0.515">
                                                 
                                               </testcase><testcase classname="csw.examples.vslice.hcd.SingleAxisSimulatorTests" name="test single axis Should move properly" time="0.037">
                                                 
                                               </testcase><testcase classname="csw.examples.vslice.hcd.SingleAxisSimulatorTests" name="test single axis Should move and update" time="0.134">
                                                 
                                               </testcase><testcase classname="csw.examples.vslice.hcd.SingleAxisSimulatorTests" name="test single axis Should allow a cancel" time="0.023">
                                                 
                                               </testcase><testcase classname="csw.examples.vslice.hcd.SingleAxisSimulatorTests" name="test single axis should limit out-of-range moves" time="0.113">
                                                 
                                               </testcase><testcase classname="csw.examples.vslice.hcd.SingleAxisSimulatorTests" name="test single axis should unset limit as soon as it is not in limit -- BUG found!" time="0.187">
                                                 
                                               </testcase><testcase classname="csw.examples.vslice.hcd.SingleAxisSimulatorTests" name="test single axis should support a complex example" time="2.856">
                                                 
                                               </testcase>
                     <system-out></system-out>
                     <system-err></system-err>
                   </testsuite>