<?xml version='1.0' encoding='UTF-8'?>
<testsuite hostname="tmt-wireless-users-n.caltech.edu" name="csw.examples.vslice.assembly.ValidationTests" tests="27" errors="0" failures="0" time="0.064">
                     <properties>
[...]
</properties>
                     <testcase classname="csw.examples.vslice.assembly.ValidationTests" name="testing validation for init command should fail if not an init" time="0.026">
                                                 
                                               </testcase><testcase classname="csw.examples.vslice.assembly.ValidationTests" name="testing validation for init command should validate init setupconfig with 0 args" time="0.009">
                                                 
                                               </testcase><testcase classname="csw.examples.vslice.assembly.ValidationTests" name="testing validation for init command should validate 2 arg init setupconfig" time="0.003">
                                                 
                                               </testcase><testcase classname="csw.examples.vslice.assembly.ValidationTests" name="testing validation for init command should check for init item types" time="0.001">
                                                 
                                               </testcase><testcase classname="csw.examples.vslice.assembly.ValidationTests" name="testing validation of move setupconfig should fail if not a move" time="0.0">
                                                 
                                               </testcase><testcase classname="csw.examples.vslice.assembly.ValidationTests" name="testing validation of move setupconfig should validate the move setupconfig with 0 args" time="0.001">
                                                 
                                               </testcase><testcase classname="csw.examples.vslice.assembly.ValidationTests" name="testing validation of move setupconfig should validate 1 arg move setupconfig" time="0.001">
                                                 
                                               </testcase><testcase classname="csw.examples.vslice.assembly.ValidationTests" name="testing validation of position setupconfig should fail if not a position" time="0.0">
                                                 
                                               </testcase><testcase classname="csw.examples.vslice.assembly.ValidationTests" name="testing validation of position setupconfig should fail for missing unitsg" time="0.001">
                                                 
                                               </testcase><testcase classname="csw.examples.vslice.assembly.ValidationTests" name="testing validation of position setupconfig should validate when keys and units present" time="0.0">
                                                 
                                               </testcase><testcase classname="csw.examples.vslice.assembly.ValidationTests" name="testing validation of position setupconfig should fail for negative range distance value" time="0.001">
                                                 
                                               </testcase><testcase classname="csw.examples.vslice.assembly.ValidationTests" name="testing validation for setElevation command should fail if not a setElevation" time="0.001">
                                                 
                                               </testcase><testcase classname="csw.examples.vslice.assembly.ValidationTests" name="testing validation for setElevation command should vail to vailidate for missing units and keys" time="0.001">
                                                 
                                               </testcase><testcase classname="csw.examples.vslice.assembly.ValidationTests" name="testing validation for setElevation command should validate 2 arg setElevation setupconfig" time="0.0">
                                                 
                                               </testcase><testcase classname="csw.examples.vslice.assembly.ValidationTests" name="testing validation for setElevation command should check for init item types" time="0.002">
                                                 
                                               </testcase><testcase classname="csw.examples.vslice.assembly.ValidationTests" name="testing validation of setAngle setupconfig should fail if not a setAngle" time="0.0">
                                                 
                                               </testcase><testcase classname="csw.examples.vslice.assembly.ValidationTests" name="testing validation of setAngle setupconfig should fail for missing key" time="0.0">
                                                 
                                               </testcase><testcase classname="csw.examples.vslice.assembly.ValidationTests" name="testing validation of setAngle setupconfig should fail for missing units" time="0.001">
                                                 
                                               </testcase><testcase classname="csw.examples.vslice.assembly.ValidationTests" name="testing validation of setAngle setupconfig should validate when keys and units present" time="0.001">
                                                 
                                               </testcase><testcase classname="csw.examples.vslice.assembly.ValidationTests" name="testing validation of follow setupconfig should fail if not a follow" time="0.001">
                                                 
                                               </testcase><testcase classname="csw.examples.vslice.assembly.ValidationTests" name="testing validation of follow setupconfig should fail for missing key" time="0.0">
                                                 
                                               </testcase><testcase classname="csw.examples.vslice.assembly.ValidationTests" name="testing validation of follow setupconfig should validate when key present" time="0.001">
                                                 
                                               </testcase><testcase classname="csw.examples.vslice.assembly.ValidationTests" name="Test of TromboneAssembly validation should work with okay sca" time="0.004">
                                                 
                                               </testcase><testcase classname="csw.examples.vslice.assembly.ValidationTests" name="Test of TromboneAssembly validation should show a single issue" time="0.003">
                                                 
                                               </testcase><testcase classname="csw.examples.vslice.assembly.ValidationTests" name="Test of TromboneAssembly validation should show multiple issues" time="0.0">
                                                 
                                               </testcase><testcase classname="csw.examples.vslice.assembly.ValidationTests" name="Test of TromboneAssembly validation should convert validation invalid successfully to a CommandStatus invalid" time="0.003">
                                                 
                                               </testcase><testcase classname="csw.examples.vslice.assembly.ValidationTests" name="Test of TromboneAssembly validation should convert validation result to comand status result" time="0.003">
                                                 
                                               </testcase>
                     <system-out></system-out>
                     <system-err></system-err>
                   </testsuite>