[0m[[0mdebug[0m] [0mjavaOptions: List()[0m
[0m[[0mdebug[0m] [0mForking tests - parallelism = false[0m
[0m[[0mdebug[0m] [0mCreate a single-thread test executor[0m
[0m[[0mdebug[0m] [0mRunner for org.specs2.runner.Specs2Framework produced 0 initial tasks for 0 tests.[0m
[0m[[0mdebug[0m] [0mRunner for org.scalatest.tools.Framework produced 17 initial tasks for 17 tests.[0m
[0m[[0mdebug[0m] [0m  Running TaskDef(csw.examples.vslice.assembly.FollowCommandTests, sbt.ForkMain$SubclassFingerscan@4b4c7394, false, [SuiteSelector])[0m
[0m[[0minfo[0m] [0m[32mDeferredAbortedSuite:[0m[0m
[0m[[0minfo[0m] [0m[31mException encountered when attempting to run a suite with class name: org.scalatest.DeferredAbortedSuite *** ABORTED ***[0m[0m
[0m[[0minfo[0m] [0m[31m  akka.pattern.AskTimeoutException: Ask timed out on [Actor[akka://FollowCommandTests/user/$a#-1146315446]] after [10000 ms]. Sender[null] sent message of type "csw.services.loc.LocationTrackerWorker$TrackConnections".[0m[0m
[0m[[0minfo[0m] [0m[31m  at akka.pattern.PromiseActorRef$$anonfun$1.apply$mcV$sp(AskSupport.scala:604)[0m[0m
[0m[[0minfo[0m] [0m[31m  at akka.actor.Scheduler$$anon$4.run(Scheduler.scala:126)[0m[0m
[0m[[0minfo[0m] [0m[31m  at scala.concurrent.Future$InternalCallbackExecutor$.unbatchedExecute(Future.scala:601)[0m[0m
[0m[[0minfo[0m] [0m[31m  at scala.concurrent.BatchingExecutor$class.execute(BatchingExecutor.scala:109)[0m[0m
[0m[[0minfo[0m] [0m[31m  at scala.concurrent.Future$InternalCallbackExecutor$.execute(Future.scala:599)[0m[0m
[0m[[0minfo[0m] [0m[31m  at akka.actor.LightArrayRevolverScheduler$TaskHolder.executeTask(LightArrayRevolverScheduler.scala:331)[0m[0m
[0m[[0minfo[0m] [0m[31m  at akka.actor.LightArrayRevolverScheduler$$anon$4.executeBucket$1(LightArrayRevolverScheduler.scala:282)[0m[0m
[0m[[0minfo[0m] [0m[31m  at akka.actor.LightArrayRevolverScheduler$$anon$4.nextTick(LightArrayRevolverScheduler.scala:286)[0m[0m
[0m[[0minfo[0m] [0m[31m  at akka.actor.LightArrayRevolverScheduler$$anon$4.run(LightArrayRevolverScheduler.scala:238)[0m[0m
[0m[[0minfo[0m] [0m[31m  at java.lang.Thread.run(Thread.java:745)[0m[0m
[0m[[0minfo[0m] [0m[31m  ...[0m[0m
[0m[[0mdebug[0m] [0m    Produced 0 nested tasks and 1 events.[0m
[0m[[0mdebug[0m] [0m  Running TaskDef(csw.examples.vslice.assembly.ValidationTests, sbt.ForkMain$SubclassFingerscan@43132e82, false, [SuiteSelector])[0m
[0m[[0minfo[0m] [0m[32mValidationTests:[0m[0m
[0m[[0minfo[0m] [0m[32mtesting validation for init command[0m[0m
[0m[[0minfo[0m] [0m[32m- should fail if not an init[0m[0m
[0m[[0minfo[0m] [0m[32m- should validate init setupconfig with 0 args[0m[0m
[0m[[0minfo[0m] [0m[32m- should validate 2 arg init setupconfig[0m[0m
[0m[[0minfo[0m] [0m[32m- should check for init item types[0m[0m
[0m[[0minfo[0m] [0m[32mtesting validation of move setupconfig[0m[0m
[0m[[0minfo[0m] [0m[32m- should fail if not a move[0m[0m
[0m[[0minfo[0m] [0m[32m- should validate the move setupconfig with 0 args[0m[0m
[0m[[0minfo[0m] [0m[32m- should validate 1 arg move setupconfig[0m[0m
[0m[[0minfo[0m] [0m[32mtesting validation of position setupconfig[0m[0m
[0m[[0minfo[0m] [0m[32m- should fail if not a position[0m[0m
[0m[[0minfo[0m] [0m[32m- should fail for missing unitsg[0m[0m
[0m[[0minfo[0m] [0m[32m- should validate when keys and units present[0m[0m
[0m[[0minfo[0m] [0m[32m- should fail for negative range distance value[0m[0m
[0m[[0minfo[0m] [0m[32mtesting validation for setElevation command[0m[0m
[0m[[0minfo[0m] [0m[32m- should fail if not a setElevation[0m[0m
[0m[[0minfo[0m] [0m[32m- should vail to vailidate for missing units and keys[0m[0m
[0m[[0minfo[0m] [0m[32m- should validate 2 arg setElevation setupconfig[0m[0m
[0m[[0minfo[0m] [0m[32m- should check for init item types[0m[0m
[0m[[0minfo[0m] [0m[32mtesting validation of setAngle setupconfig[0m[0m
[0m[[0minfo[0m] [0m[32m- should fail if not a setAngle[0m[0m
[0m[[0minfo[0m] [0m[32m- should fail for missing key[0m[0m
[0m[[0minfo[0m] [0m[32m- should fail for missing units[0m[0m
[0m[[0minfo[0m] [0m[32m- should validate when keys and units present[0m[0m
[0m[[0minfo[0m] [0m[32mtesting validation of follow setupconfig[0m[0m
[0m[[0minfo[0m] [0m[32m- should fail if not a follow[0m[0m
[0m[[0minfo[0m] [0m[32m- should fail for missing key[0m[0m
[0m[[0minfo[0m] [0m[32m- should validate when key present[0m[0m
[0m[[0minfo[0m] [0m[32mTest of TromboneAssembly validation[0m[0m
[0m[[0minfo[0m] [0m[32m- should work with okay sca[0m[0m
[0m[[0minfo[0m] [0m[32m- should show a single issue[0m[0m
[0m[[0minfo[0m] [0m[32m- should show multiple issues[0m[0m
[0m[[0minfo[0m] [0m[32m- should convert validation invalid successfully to a CommandStatus invalid[0m[0m
[0m[[0minfo[0m] [0m[32m- should convert validation result to comand status result[0m[0m
[0m[[0mdebug[0m] [0m    Produced 0 nested tasks and 27 events.[0m
[0m[[0mdebug[0m] [0m  Running TaskDef(csw.examples.vslice.assembly.AlarmMonitorTests, sbt.ForkMain$SubclassFingerscan@5cade0f5, false, [SuiteSelector])[0m
[0m[[0minfo[0m] [0m[32mDeferredAbortedSuite:[0m[0m
[0m[[0minfo[0m] [0m[31mException encountered when attempting to run a suite with class name: org.scalatest.DeferredAbortedSuite *** ABORTED ***[0m[0m
[0m[[0minfo[0m] [0m[31m  akka.pattern.AskTimeoutException: Ask timed out on [Actor[akka://AlarmMonitorTests/user/$a#-270971919]] after [10000 ms]. Sender[null] sent message of type "csw.services.loc.LocationTrackerWorker$TrackConnections".[0m[0m
[0m[[0minfo[0m] [0m[31m  at akka.pattern.PromiseActorRef$$anonfun$1.apply$mcV$sp(AskSupport.scala:604)[0m[0m
[0m[[0minfo[0m] [0m[31m  at akka.actor.Scheduler$$anon$4.run(Scheduler.scala:126)[0m[0m
[0m[[0minfo[0m] [0m[31m  at scala.concurrent.Future$InternalCallbackExecutor$.unbatchedExecute(Future.scala:601)[0m[0m
[0m[[0minfo[0m] [0m[31m  at scala.concurrent.BatchingExecutor$class.execute(BatchingExecutor.scala:109)[0m[0m
[0m[[0minfo[0m] [0m[31m  at scala.concurrent.Future$InternalCallbackExecutor$.execute(Future.scala:599)[0m[0m
[0m[[0minfo[0m] [0m[31m  at akka.actor.LightArrayRevolverScheduler$TaskHolder.executeTask(LightArrayRevolverScheduler.scala:331)[0m[0m
[0m[[0minfo[0m] [0m[31m  at akka.actor.LightArrayRevolverScheduler$$anon$4.executeBucket$1(LightArrayRevolverScheduler.scala:282)[0m[0m
[0m[[0minfo[0m] [0m[31m  at akka.actor.LightArrayRevolverScheduler$$anon$4.nextTick(LightArrayRevolverScheduler.scala:286)[0m[0m
[0m[[0minfo[0m] [0m[31m  at akka.actor.LightArrayRevolverScheduler$$anon$4.run(LightArrayRevolverScheduler.scala:238)[0m[0m
[0m[[0minfo[0m] [0m[31m  at java.lang.Thread.run(Thread.java:745)[0m[0m
[0m[[0minfo[0m] [0m[31m  ...[0m[0m
[0m[[0mdebug[0m] [0m    Produced 0 nested tasks and 1 events.[0m
[0m[[0mdebug[0m] [0m  Running TaskDef(csw.examples.vslice.assembly.DiagPublisherTests, sbt.ForkMain$SubclassFingerscan@f16bd76, false, [SuiteSelector])[0m
[0m[[0minfo[0m] [0m[32mDeferredAbortedSuite:[0m[0m
[0m[[0minfo[0m] [0m[31mException encountered when attempting to run a suite with class name: org.scalatest.DeferredAbortedSuite *** ABORTED ***[0m[0m
[0m[[0minfo[0m] [0m[31m  akka.pattern.AskTimeoutException: Ask timed out on [Actor[akka://DiagPublisherSystem/user/$a#529105375]] after [10000 ms]. Sender[null] sent message of type "csw.services.loc.LocationTrackerWorker$TrackConnections".[0m[0m
[0m[[0minfo[0m] [0m[31m  at akka.pattern.PromiseActorRef$$anonfun$1.apply$mcV$sp(AskSupport.scala:604)[0m[0m
[0m[[0minfo[0m] [0m[31m  at akka.actor.Scheduler$$anon$4.run(Scheduler.scala:126)[0m[0m
[0m[[0minfo[0m] [0m[31m  at scala.concurrent.Future$InternalCallbackExecutor$.unbatchedExecute(Future.scala:601)[0m[0m
[0m[[0minfo[0m] [0m[31m  at scala.concurrent.BatchingExecutor$class.execute(BatchingExecutor.scala:109)[0m[0m
[0m[[0minfo[0m] [0m[31m  at scala.concurrent.Future$InternalCallbackExecutor$.execute(Future.scala:599)[0m[0m
[0m[[0minfo[0m] [0m[31m  at akka.actor.LightArrayRevolverScheduler$TaskHolder.executeTask(LightArrayRevolverScheduler.scala:331)[0m[0m
[0m[[0minfo[0m] [0m[31m  at akka.actor.LightArrayRevolverScheduler$$anon$4.executeBucket$1(LightArrayRevolverScheduler.scala:282)[0m[0m
[0m[[0minfo[0m] [0m[31m  at akka.actor.LightArrayRevolverScheduler$$anon$4.nextTick(LightArrayRevolverScheduler.scala:286)[0m[0m
[0m[[0minfo[0m] [0m[31m  at akka.actor.LightArrayRevolverScheduler$$anon$4.run(LightArrayRevolverScheduler.scala:238)[0m[0m
[0m[[0minfo[0m] [0m[31m  at java.lang.Thread.run(Thread.java:745)[0m[0m
[0m[[0minfo[0m] [0m[31m  ...[0m[0m
[0m[[0mdebug[0m] [0m    Produced 0 nested tasks and 1 events.[0m
[0m[[0mdebug[0m] [0m  Running TaskDef(csw.examples.vslice.assembly.EventSubscriberTests, sbt.ForkMain$SubclassFingerscan@814ea1, false, [SuiteSelector])[0m
[0m[[0minfo[0m] [0m[32mDeferredAbortedSuite:[0m[0m
[0m[[0minfo[0m] [0m[31mException encountered when attempting to run a suite with class name: org.scalatest.DeferredAbortedSuite *** ABORTED ***[0m[0m
[0m[[0minfo[0m] [0m[31m  akka.pattern.AskTimeoutException: Ask timed out on [Actor[akka://EventSubscriberTests/user/$a#1992812457]] after [20000 ms]. Sender[null] sent message of type "csw.services.loc.LocationTrackerWorker$TrackConnections".[0m[0m
[0m[[0minfo[0m] [0m[31m  at akka.pattern.PromiseActorRef$$anonfun$1.apply$mcV$sp(AskSupport.scala:604)[0m[0m
[0m[[0minfo[0m] [0m[31m  at akka.actor.Scheduler$$anon$4.run(Scheduler.scala:126)[0m[0m
[0m[[0minfo[0m] [0m[31m  at scala.concurrent.Future$InternalCallbackExecutor$.unbatchedExecute(Future.scala:601)[0m[0m
[0m[[0minfo[0m] [0m[31m  at scala.concurrent.BatchingExecutor$class.execute(BatchingExecutor.scala:109)[0m[0m
[0m[[0minfo[0m] [0m[31m  at scala.concurrent.Future$InternalCallbackExecutor$.execute(Future.scala:599)[0m[0m
[0m[[0minfo[0m] [0m[31m  at akka.actor.LightArrayRevolverScheduler$TaskHolder.executeTask(LightArrayRevolverScheduler.scala:331)[0m[0m
[0m[[0minfo[0m] [0m[31m  at akka.actor.LightArrayRevolverScheduler$$anon$4.executeBucket$1(LightArrayRevolverScheduler.scala:282)[0m[0m
[0m[[0minfo[0m] [0m[31m  at akka.actor.LightArrayRevolverScheduler$$anon$4.nextTick(LightArrayRevolverScheduler.scala:286)[0m[0m
[0m[[0minfo[0m] [0m[31m  at akka.actor.LightArrayRevolverScheduler$$anon$4.run(LightArrayRevolverScheduler.scala:238)[0m[0m
[0m[[0minfo[0m] [0m[31m  at java.lang.Thread.run(Thread.java:745)[0m[0m
[0m[[0minfo[0m] [0m[31m  ...[0m[0m
[0m[[0mdebug[0m] [0m    Produced 0 nested tasks and 1 events.[0m
[0m[[0mdebug[0m] [0m  Running TaskDef(csw.examples.vslice.assembly.TromboneStateActorTests, sbt.ForkMain$SubclassFingerscan@37d77010, false, [SuiteSelector])[0m
[0m[[0minfo[0m] [0m[32mTromboneStateActorTests:[0m[0m
[0m[[0minfo[0m] [0m[32mTesting state item[0m[0m
[0m[[0minfo[0m] [0m[32m- should allow creation[0m[0m
[0m[[0minfo[0m] [0m[32m- should allow changing just one[0m[0m
[0m[[0minfo[0m] [0m[32m- equals needs to work[0m[0m
[0m[[0minfo[0m] [0m[32m- it should allow publishing - check conditions[0m[0m
[0m[[0minfo[0m] [0m[32m- it might work with publish directly[0m[0m
[0m[[0minfo[0m] [0m[32m  + Result: Results(Vector(TromboneState(ChoiceItem(cmd,Vector(ready),[none]),ChoiceItem(move,Vector(unindexed),[none]),sodiumLayer((false)[none]),nss((false)[none])), TromboneState(ChoiceItem(cmd,Vector(ready),[none]),ChoiceItem(move,Vector(indexed),[none]),sodiumLayer((false)[none]),nss((false)[none])))) [0m[0m
[0m[[0mdebug[0m] [0m    Produced 0 nested tasks and 5 events.[0m
[0m[[0mdebug[0m] [0m  Running TaskDef(csw.examples.vslice.assembly.AlgorithmTests, sbt.ForkMain$SubclassFingerscan@4de12021, false, [SuiteSelector])[0m
[0m[[0minfo[0m] [0m[32mAlgorithmTests:[0m[0m
[0m[[0minfo[0m] [0m[32mTesting the algorithms for correctness without actor[0m[0m
[0m[[0minfo[0m] [0m[32m- should produce good range distance error - good[0m[0m
[0m[[0minfo[0m] [0m[32m- should have good zenith angle to range distance - good[0m[0m
[0m[[0minfo[0m] [0m[32m- should work with elevation too[0m[0m
[0m[[0minfo[0m] [0m[32m- should work with the next values generation[0m[0m
[0m[[0minfo[0m] [0m[32m- should verify focuserror values[0m[0m
[0m[[0minfo[0m] [0m[32m- should verify zenith angle values[0m[0m
[0m[[0minfo[0m] [0m[32m- should take a range distance and provide a reasonable stage position[0m[0m
[0m[[0minfo[0m] [0m[32m- should provide a reasonable encoder value[0m[0m
[0m[[0minfo[0m] [0m[32m  + minStage/maxStage: 95.0/189.99999999999997 [0m[0m
[0m[[0minfo[0m] [0m[32m  + minEnc/maxEnc: 265/1024 [0m[0m
[0m[[0minfo[0m] [0m[32m  + zero: 200 [0m[0m
[0m[[0minfo[0m] [0m[32m- should give good data[0m[0m
[0m[[0mdebug[0m] [0m    Produced 0 nested tasks and 9 events.[0m
[0m[[0mdebug[0m] [0m  Running TaskDef(csw.examples.vslice.hcd.TromboneHCDBasicTests, sbt.ForkMain$SubclassFingerscan@7bb807fd, false, [SuiteSelector])[0m
[0m[[0minfo[0m] [0m[32mTromboneHCDBasicTests:[0m[0m
[0m[[0minfo[0m] [0m[32mlow-level instrumented trombone HCD tests[0m[0m
[0m[[0minfo[0m] [0m[31m- should initialize the trombone axis simulator *** FAILED ***[0m[0m
[0m[[0minfo[0m] [0m[31m  The reference was null (TromboneHCDBasicTests.scala:104)[0m[0m
[0m[[0minfo[0m] [0m[32m- should lifecycle properly with a fake supervisor[0m[0m
[0m[[0minfo[0m] [0m[31m- should allow fetching config *** FAILED ***[0m[0m
[0m[[0minfo[0m] [0m[31m  java.lang.AssertionError: assertion failed: expected Initialized, found InitializeFailure(Futures timed out after [2 seconds])[0m[0m
[0m[[0minfo[0m] [0m[31m  at scala.Predef$.assert(Predef.scala:170)[0m[0m
[0m[[0minfo[0m] [0m[31m  at akka.testkit.TestKitBase$class.expectMsg_internal(TestKit.scala:388)[0m[0m
[0m[[0minfo[0m] [0m[31m  at akka.testkit.TestKitBase$class.expectMsg(TestKit.scala:364)[0m[0m
[0m[[0minfo[0m] [0m[31m  at akka.testkit.TestKit.expectMsg(TestKit.scala:814)[0m[0m
[0m[[0minfo[0m] [0m[31m  at csw.examples.vslice.hcd.TromboneHCDBasicTests.lifecycleStart(TromboneHCDBasicTests.scala:67)[0m[0m
[0m[[0minfo[0m] [0m[31m  at csw.examples.vslice.hcd.TromboneHCDBasicTests$$anonfun$1$$anonfun$apply$mcV$sp$3.apply$mcV$sp(TromboneHCDBasicTests.scala:139)[0m[0m
[0m[[0minfo[0m] [0m[31m  at csw.examples.vslice.hcd.TromboneHCDBasicTests$$anonfun$1$$anonfun$apply$mcV$sp$3.apply(TromboneHCDBasicTests.scala:136)[0m[0m
[0m[[0minfo[0m] [0m[31m  at csw.examples.vslice.hcd.TromboneHCDBasicTests$$anonfun$1$$anonfun$apply$mcV$sp$3.apply(TromboneHCDBasicTests.scala:136)[0m[0m
[0m[[0minfo[0m] [0m[31m  at org.scalatest.Transformer$$anonfun$apply$1.apply$mcV$sp(Transformer.scala:22)[0m[0m
[0m[[0minfo[0m] [0m[31m  at org.scalatest.OutcomeOf$class.outcomeOf(OutcomeOf.scala:85)[0m[0m
[0m[[0minfo[0m] [0m[31m  ...[0m[0m
[0m[[0minfo[0m] [0m[32m- should allow fetching stats[0m[0m
[0m[[0minfo[0m] [0m[31m- should allow external init when running *** FAILED ***[0m[0m
[0m[[0minfo[0m] [0m[31m  java.lang.AssertionError: assertion failed: expected Initialized, found InitializeFailure(Futures timed out after [2 seconds])[0m[0m
[0m[[0minfo[0m] [0m[31m  at scala.Predef$.assert(Predef.scala:170)[0m[0m
[0m[[0minfo[0m] [0m[31m  at akka.testkit.TestKitBase$class.expectMsg_internal(TestKit.scala:388)[0m[0m
[0m[[0minfo[0m] [0m[31m  at akka.testkit.TestKitBase$class.expectMsg(TestKit.scala:364)[0m[0m
[0m[[0minfo[0m] [0m[31m  at akka.testkit.TestKit.expectMsg(TestKit.scala:814)[0m[0m
[0m[[0minfo[0m] [0m[31m  at csw.examples.vslice.hcd.TromboneHCDBasicTests.lifecycleStart(TromboneHCDBasicTests.scala:67)[0m[0m
[0m[[0minfo[0m] [0m[31m  at csw.examples.vslice.hcd.TromboneHCDBasicTests$$anonfun$1$$anonfun$apply$mcV$sp$5.apply$mcV$sp(TromboneHCDBasicTests.scala:186)[0m[0m
[0m[[0minfo[0m] [0m[31m  at csw.examples.vslice.hcd.TromboneHCDBasicTests$$anonfun$1$$anonfun$apply$mcV$sp$5.apply(TromboneHCDBasicTests.scala:183)[0m[0m
[0m[[0minfo[0m] [0m[31m  at csw.examples.vslice.hcd.TromboneHCDBasicTests$$anonfun$1$$anonfun$apply$mcV$sp$5.apply(TromboneHCDBasicTests.scala:183)[0m[0m
[0m[[0minfo[0m] [0m[31m  at org.scalatest.Transformer$$anonfun$apply$1.apply$mcV$sp(Transformer.scala:22)[0m[0m
[0m[[0minfo[0m] [0m[31m  at org.scalatest.OutcomeOf$class.outcomeOf(OutcomeOf.scala:85)[0m[0m
[0m[[0minfo[0m] [0m[31m  ...[0m[0m
[0m[[0minfo[0m] [0m[32m- should allow homing[0m[0m
[0m[[0minfo[0m] [0m[31m- should allow a short move *** FAILED ***[0m[0m
[0m[[0minfo[0m] [0m[31m  java.lang.AssertionError: assertion failed: expected Initialized, found InitializeFailure(Futures timed out after [2 seconds])[0m[0m
[0m[[0minfo[0m] [0m[31m  at scala.Predef$.assert(Predef.scala:170)[0m[0m
[0m[[0minfo[0m] [0m[31m  at akka.testkit.TestKitBase$class.expectMsg_internal(TestKit.scala:388)[0m[0m
[0m[[0minfo[0m] [0m[31m  at akka.testkit.TestKitBase$class.expectMsg(TestKit.scala:364)[0m[0m
[0m[[0minfo[0m] [0m[31m  at akka.testkit.TestKit.expectMsg(TestKit.scala:814)[0m[0m
[0m[[0minfo[0m] [0m[31m  at csw.examples.vslice.hcd.TromboneHCDBasicTests.lifecycleStart(TromboneHCDBasicTests.scala:67)[0m[0m
[0m[[0minfo[0m] [0m[31m  at csw.examples.vslice.hcd.TromboneHCDBasicTests$$anonfun$1$$anonfun$apply$mcV$sp$7.apply$mcV$sp(TromboneHCDBasicTests.scala:239)[0m[0m
[0m[[0minfo[0m] [0m[31m  at csw.examples.vslice.hcd.TromboneHCDBasicTests$$anonfun$1$$anonfun$apply$mcV$sp$7.apply(TromboneHCDBasicTests.scala:236)[0m[0m
[0m[[0minfo[0m] [0m[31m  at csw.examples.vslice.hcd.TromboneHCDBasicTests$$anonfun$1$$anonfun$apply$mcV$sp$7.apply(TromboneHCDBasicTests.scala:236)[0m[0m
[0m[[0minfo[0m] [0m[31m  at org.scalatest.Transformer$$anonfun$apply$1.apply$mcV$sp(Transformer.scala:22)[0m[0m
[0m[[0minfo[0m] [0m[31m  at org.scalatest.OutcomeOf$class.outcomeOf(OutcomeOf.scala:85)[0m[0m
[0m[[0minfo[0m] [0m[31m  ...[0m[0m
[0m[[0minfo[0m] [0m[32m- should allow continuous short values[0m[0m
[0m[[0minfo[0m] [0m[32m  place into the low limit[0m[0m
[0m[[0minfo[0m] [0m[32m  - should show entering a low limit[0m[0m
[0m[[0minfo[0m] [0m[32m  place show off low limit after low limit[0m[0m
[0m[[0minfo[0m] [0m[31m  - should show entering a low limit *** FAILED ***[0m[0m
[0m[[0minfo[0m] [0m[31m    java.lang.AssertionError: assertion failed: expected Initialized, found InitializeFailure(Futures timed out after [2 seconds])[0m[0m
[0m[[0minfo[0m] [0m[31m    at scala.Predef$.assert(Predef.scala:170)[0m[0m
[0m[[0minfo[0m] [0m[31m    at akka.testkit.TestKitBase$class.expectMsg_internal(TestKit.scala:388)[0m[0m
[0m[[0minfo[0m] [0m[31m    at akka.testkit.TestKitBase$class.expectMsg(TestKit.scala:364)[0m[0m
[0m[[0minfo[0m] [0m[31m    at akka.testkit.TestKit.expectMsg(TestKit.scala:814)[0m[0m
[0m[[0minfo[0m] [0m[31m    at csw.examples.vslice.hcd.TromboneHCDBasicTests.lifecycleStart(TromboneHCDBasicTests.scala:67)[0m[0m
[0m[[0minfo[0m] [0m[31m    at csw.examples.vslice.hcd.TromboneHCDBasicTests$$anonfun$1$$anonfun$apply$mcV$sp$12$$anonfun$apply$mcV$sp$13.apply$mcV$sp(TromboneHCDBasicTests.scala:316)[0m[0m
[0m[[0minfo[0m] [0m[31m    at csw.examples.vslice.hcd.TromboneHCDBasicTests$$anonfun$1$$anonfun$apply$mcV$sp$12$$anonfun$apply$mcV$sp$13.apply(TromboneHCDBasicTests.scala:313)[0m[0m
[0m[[0minfo[0m] [0m[31m    at csw.examples.vslice.hcd.TromboneHCDBasicTests$$anonfun$1$$anonfun$apply$mcV$sp$12$$anonfun$apply$mcV$sp$13.apply(TromboneHCDBasicTests.scala:313)[0m[0m
[0m[[0minfo[0m] [0m[31m    at org.scalatest.Transformer$$anonfun$apply$1.apply$mcV$sp(Transformer.scala:22)[0m[0m
[0m[[0minfo[0m] [0m[31m    at org.scalatest.OutcomeOf$class.outcomeOf(OutcomeOf.scala:85)[0m[0m
[0m[[0minfo[0m] [0m[31m    ...[0m[0m
[0m[[0minfo[0m] [0m[32m  place into the high limit[0m[0m
[0m[[0minfo[0m] [0m[32m  - should show entering a high limit[0m[0m
[0m[[0minfo[0m] [0m[32m  Should support a more complex series of moves[0m[0m
[0m[[0minfo[0m] [0m[32m  - should allow complex series of moves[0m[0m
[0m[[0minfo[0m] [0m[32m  Should handle a cancel of a motion[0m[0m
[0m[[0minfo[0m] [0m[32m  - start up a move and cancel it[0m[0m
[0m[[0minfo[0m] [0m[32m    + Msgs: List(CurrentState[NFIRAOS, nfiraos.ncc.tromboneHCD.axis1State](axisName((tromboneAxis)[none]),lowLimit((false)[none]),position((545)[enc]),homed((false)[none]),ChoiceItem(axisState,Vector(AXIS_MOVING),[none]),highLimit((false)[none])), CurrentState[NFIRAOS, nfiraos.ncc.tromboneHCD.axis1State](axisName((tromboneAxis)[none]),lowLimit((false)[none]),position((545)[enc]),homed((false)[none]),ChoiceItem(axisState,Vector(AXIS_IDLE),[none]),highLimit((false)[none]))) [0m[0m
[0m[[0mdebug[0m] [0m    Produced 0 nested tasks and 13 events.[0m
[0m[[0mdebug[0m] [0m  Running TaskDef(csw.examples.vslice.assembly.CommandHandlerTests, sbt.ForkMain$SubclassFingerscan@2d8635ce, false, [SuiteSelector])[0m
[0m[[0minfo[0m] [0m[32mCommandHandlerTests:[0m[0m
[0m[[0minfo[0m] [0m[31m- should allow running datum directly to CommandHandler *** FAILED ***[0m[0m
[0m[[0minfo[0m] [0m[31m  java.lang.AssertionError: assertion failed: timeout (10 seconds) during expectMsg while waiting for LifecycleStateChanged(LifecycleInitialized)[0m[0m
[0m[[0minfo[0m] [0m[31m  at scala.Predef$.assert(Predef.scala:170)[0m[0m
[0m[[0minfo[0m] [0m[31m  at akka.testkit.TestKitBase$class.expectMsg_internal(TestKit.scala:387)[0m[0m
[0m[[0minfo[0m] [0m[31m  at akka.testkit.TestKitBase$class.expectMsg(TestKit.scala:364)[0m[0m
[0m[[0minfo[0m] [0m[31m  at akka.testkit.TestKit.expectMsg(TestKit.scala:814)[0m[0m
[0m[[0minfo[0m] [0m[31m  at csw.examples.vslice.assembly.CommandHandlerTests$$anonfun$1.apply$mcV$sp(CommandHandlerTests.scala:84)[0m[0m
[0m[[0minfo[0m] [0m[31m  at csw.examples.vslice.assembly.CommandHandlerTests$$anonfun$1.apply(CommandHandlerTests.scala:77)[0m[0m
[0m[[0minfo[0m] [0m[31m  at csw.examples.vslice.assembly.CommandHandlerTests$$anonfun$1.apply(CommandHandlerTests.scala:77)[0m[0m
[0m[[0minfo[0m] [0m[31m  at org.scalatest.Transformer$$anonfun$apply$1.apply$mcV$sp(Transformer.scala:22)[0m[0m
[0m[[0minfo[0m] [0m[31m  at org.scalatest.OutcomeOf$class.outcomeOf(OutcomeOf.scala:85)[0m[0m
[0m[[0minfo[0m] [0m[31m  at org.scalatest.OutcomeOf$.outcomeOf(OutcomeOf.scala:104)[0m[0m
[0m[[0minfo[0m] [0m[31m  ...[0m[0m
[0m[[0minfo[0m] [0m[31m- datum should handle change in HCD *** FAILED ***[0m[0m
[0m[[0minfo[0m] [0m[31m  Completed was not an instance of csw.services.ccs.CommandStatus$NoLongerValid, but an instance of csw.services.ccs.CommandStatus$Completed$ (CommandHandlerTests.scala:147)[0m[0m
[0m[[0minfo[0m] [0m[32m- should allow running datum through SequentialExecutor[0m[0m
[0m[[0minfo[0m] [0m[32m- should allow running move[0m[0m
[0m[[0minfo[0m] [0m[31m- should allow running a move without sequence *** FAILED ***[0m[0m
[0m[[0minfo[0m] [0m[31m  java.lang.AssertionError: assertion failed: timeout (10 seconds) during expectMsg while waiting for LifecycleStateChanged(LifecycleInitialized)[0m[0m
[0m[[0minfo[0m] [0m[31m  at scala.Predef$.assert(Predef.scala:170)[0m[0m
[0m[[0minfo[0m] [0m[31m  at akka.testkit.TestKitBase$class.expectMsg_internal(TestKit.scala:387)[0m[0m
[0m[[0minfo[0m] [0m[31m  at akka.testkit.TestKitBase$class.expectMsg(TestKit.scala:364)[0m[0m
[0m[[0minfo[0m] [0m[31m  at akka.testkit.TestKit.expectMsg(TestKit.scala:814)[0m[0m
[0m[[0minfo[0m] [0m[31m  at csw.examples.vslice.assembly.CommandHandlerTests$$anonfun$5.apply$mcV$sp(CommandHandlerTests.scala:254)[0m[0m
[0m[[0minfo[0m] [0m[31m  at csw.examples.vslice.assembly.CommandHandlerTests$$anonfun$5.apply(CommandHandlerTests.scala:247)[0m[0m
[0m[[0minfo[0m] [0m[31m  at csw.examples.vslice.assembly.CommandHandlerTests$$anonfun$5.apply(CommandHandlerTests.scala:247)[0m[0m
[0m[[0minfo[0m] [0m[31m  at org.scalatest.Transformer$$anonfun$apply$1.apply$mcV$sp(Transformer.scala:22)[0m[0m
[0m[[0minfo[0m] [0m[31m  at org.scalatest.OutcomeOf$class.outcomeOf(OutcomeOf.scala:85)[0m[0m
[0m[[0minfo[0m] [0m[31m  at org.scalatest.OutcomeOf$.outcomeOf(OutcomeOf.scala:104)[0m[0m
[0m[[0minfo[0m] [0m[31m  ...[0m[0m
[0m[[0minfo[0m] [0m[32m- should allow two moves[0m[0m
[0m[[0minfo[0m] [0m[32m  + result: CommandResult(RunId(2388dd62-89c1-4f0e-8cb1-6c5cf0c39985),AllCompleted,(List((Completed, SetupConfig[NFIRAOS, nfiraos.ncc.trombone.move](stagePosition((86.0)[mm]))), (Completed, SetupConfig[NFIRAOS, nfiraos.ncc.trombone.move](stagePosition((150.1)[mm])))))) [0m[0m
[0m[[0minfo[0m] [0m[31m- should allow a move with a stop *** FAILED ***[0m[0m
[0m[[0minfo[0m] [0m[31m  java.lang.AssertionError: assertion failed: timeout (10 seconds) during expectMsg while waiting for LifecycleStateChanged(LifecycleInitialized)[0m[0m
[0m[[0minfo[0m] [0m[31m  at scala.Predef$.assert(Predef.scala:170)[0m[0m
[0m[[0minfo[0m] [0m[31m  at akka.testkit.TestKitBase$class.expectMsg_internal(TestKit.scala:387)[0m[0m
[0m[[0minfo[0m] [0m[31m  at akka.testkit.TestKitBase$class.expectMsg(TestKit.scala:364)[0m[0m
[0m[[0minfo[0m] [0m[31m  at akka.testkit.TestKit.expectMsg(TestKit.scala:814)[0m[0m
[0m[[0minfo[0m] [0m[31m  at csw.examples.vslice.assembly.CommandHandlerTests$$anonfun$7.apply$mcV$sp(CommandHandlerTests.scala:319)[0m[0m
[0m[[0minfo[0m] [0m[31m  at csw.examples.vslice.assembly.CommandHandlerTests$$anonfun$7.apply(CommandHandlerTests.scala:312)[0m[0m
[0m[[0minfo[0m] [0m[31m  at csw.examples.vslice.assembly.CommandHandlerTests$$anonfun$7.apply(CommandHandlerTests.scala:312)[0m[0m
[0m[[0minfo[0m] [0m[31m  at org.scalatest.Transformer$$anonfun$apply$1.apply$mcV$sp(Transformer.scala:22)[0m[0m
[0m[[0minfo[0m] [0m[31m  at org.scalatest.OutcomeOf$class.outcomeOf(OutcomeOf.scala:85)[0m[0m
[0m[[0minfo[0m] [0m[31m  at org.scalatest.OutcomeOf$.outcomeOf(OutcomeOf.scala:104)[0m[0m
[0m[[0minfo[0m] [0m[31m  ...[0m[0m
[0m[[0minfo[0m] [0m[32m- should allow a single position command[0m[0m
[0m[[0minfo[0m] [0m[31m- should allow a set of positions for the fun of it *** FAILED ***[0m[0m
[0m[[0minfo[0m] [0m[31m  java.lang.AssertionError: assertion failed: timeout (10 seconds) during expectMsg while waiting for LifecycleStateChanged(LifecycleInitialized)[0m[0m
[0m[[0minfo[0m] [0m[31m  at scala.Predef$.assert(Predef.scala:170)[0m[0m
[0m[[0minfo[0m] [0m[31m  at akka.testkit.TestKitBase$class.expectMsg_internal(TestKit.scala:387)[0m[0m
[0m[[0minfo[0m] [0m[31m  at akka.testkit.TestKitBase$class.expectMsg(TestKit.scala:364)[0m[0m
[0m[[0minfo[0m] [0m[31m  at akka.testkit.TestKit.expectMsg(TestKit.scala:814)[0m[0m
[0m[[0minfo[0m] [0m[31m  at csw.examples.vslice.assembly.CommandHandlerTests$$anonfun$9.apply$mcV$sp(CommandHandlerTests.scala:393)[0m[0m
[0m[[0minfo[0m] [0m[31m  at csw.examples.vslice.assembly.CommandHandlerTests$$anonfun$9.apply(CommandHandlerTests.scala:386)[0m[0m
[0m[[0minfo[0m] [0m[31m  at csw.examples.vslice.assembly.CommandHandlerTests$$anonfun$9.apply(CommandHandlerTests.scala:386)[0m[0m
[0m[[0minfo[0m] [0m[31m  at org.scalatest.Transformer$$anonfun$apply$1.apply$mcV$sp(Transformer.scala:22)[0m[0m
[0m[[0minfo[0m] [0m[31m  at org.scalatest.OutcomeOf$class.outcomeOf(OutcomeOf.scala:85)[0m[0m
[0m[[0minfo[0m] [0m[31m  at org.scalatest.OutcomeOf$.outcomeOf(OutcomeOf.scala:104)[0m[0m
[0m[[0minfo[0m] [0m[31m  ...[0m[0m
[0m[[0minfo[0m] [0m[31m- should allow running a setElevation without sequence *** FAILED ***[0m[0m
[0m[[0minfo[0m] [0m[31m  java.lang.AssertionError: assertion failed: timeout (10 seconds) during expectMsg while waiting for LifecycleStateChanged(LifecycleInitialized)[0m[0m
[0m[[0minfo[0m] [0m[31m  at scala.Predef$.assert(Predef.scala:170)[0m[0m
[0m[[0minfo[0m] [0m[31m  at akka.testkit.TestKitBase$class.expectMsg_internal(TestKit.scala:387)[0m[0m
[0m[[0minfo[0m] [0m[31m  at akka.testkit.TestKitBase$class.expectMsg(TestKit.scala:364)[0m[0m
[0m[[0minfo[0m] [0m[31m  at akka.testkit.TestKit.expectMsg(TestKit.scala:814)[0m[0m
[0m[[0minfo[0m] [0m[31m  at csw.examples.vslice.assembly.CommandHandlerTests$$anonfun$10.apply$mcV$sp(CommandHandlerTests.scala:430)[0m[0m
[0m[[0minfo[0m] [0m[31m  at csw.examples.vslice.assembly.CommandHandlerTests$$anonfun$10.apply(CommandHandlerTests.scala:423)[0m[0m
[0m[[0minfo[0m] [0m[31m  at csw.examples.vslice.assembly.CommandHandlerTests$$anonfun$10.apply(CommandHandlerTests.scala:423)[0m[0m
[0m[[0minfo[0m] [0m[31m  at org.scalatest.Transformer$$anonfun$apply$1.apply$mcV$sp(Transformer.scala:22)[0m[0m
[0m[[0minfo[0m] [0m[31m  at org.scalatest.OutcomeOf$class.outcomeOf(OutcomeOf.scala:85)[0m[0m
[0m[[0minfo[0m] [0m[31m  at org.scalatest.OutcomeOf$.outcomeOf(OutcomeOf.scala:104)[0m[0m
[0m[[0minfo[0m] [0m[31m  ...[0m[0m
[0m[[0minfo[0m] [0m[32m- should get error for setAngle when not following[0m[0m
[0m[[0minfo[0m] [0m[31m- should allow follow and a stop *** FAILED ***[0m[0m
[0m[[0minfo[0m] [0m[31m  java.lang.AssertionError: assertion failed: timeout (10 seconds) during expectMsg while waiting for LifecycleStateChanged(LifecycleInitialized)[0m[0m
[0m[[0minfo[0m] [0m[31m  at scala.Predef$.assert(Predef.scala:170)[0m[0m
[0m[[0minfo[0m] [0m[31m  at akka.testkit.TestKitBase$class.expectMsg_internal(TestKit.scala:387)[0m[0m
[0m[[0minfo[0m] [0m[31m  at akka.testkit.TestKitBase$class.expectMsg(TestKit.scala:364)[0m[0m
[0m[[0minfo[0m] [0m[31m  at akka.testkit.TestKit.expectMsg(TestKit.scala:814)[0m[0m
[0m[[0minfo[0m] [0m[31m  at csw.examples.vslice.assembly.CommandHandlerTests$$anonfun$12.apply$mcV$sp(CommandHandlerTests.scala:490)[0m[0m
[0m[[0minfo[0m] [0m[31m  at csw.examples.vslice.assembly.CommandHandlerTests$$anonfun$12.apply(CommandHandlerTests.scala:482)[0m[0m
[0m[[0minfo[0m] [0m[31m  at csw.examples.vslice.assembly.CommandHandlerTests$$anonfun$12.apply(CommandHandlerTests.scala:482)[0m[0m
[0m[[0minfo[0m] [0m[31m  at org.scalatest.Transformer$$anonfun$apply$1.apply$mcV$sp(Transformer.scala:22)[0m[0m
[0m[[0minfo[0m] [0m[31m  at org.scalatest.OutcomeOf$class.outcomeOf(OutcomeOf.scala:85)[0m[0m
[0m[[0minfo[0m] [0m[31m  at org.scalatest.OutcomeOf$.outcomeOf(OutcomeOf.scala:104)[0m[0m
[0m[[0minfo[0m] [0m[31m  ...[0m[0m
[0m[[0minfo[0m] [0m[32m- should allow follow, with two SetAngles and stop[0m[0m
[0m[[0minfo[0m] [0m[32m- should allow one Arg with setElevation, follow, SetAngle and stop as a single sequence[0m[0m
[0m[[0mdebug[0m] [0m    Produced 0 nested tasks and 14 events.[0m
[0m[[0mdebug[0m] [0m  Running TaskDef(csw.examples.vslice.assembly.TromboneAssemblySeqTests, sbt.ForkMain$SubclassFingerscan@57cc207c, false, [SuiteSelector])[0m
[0m[[0minfo[0m] [0m[32mTromboneAssemblySeqTests:[0m[0m
[0m[[0minfo[0m] [0m[32mTop Level Sequencer Tests[0m[0m
[0m[[0minfo[0m] [0m[31m- should allow a datum then a set of positions as separate sca *** FAILED ***[0m[0m
[0m[[0minfo[0m] [0m[31m  akka.pattern.AskTimeoutException: Ask timed out on [Actor[akka://Sequencer/user/$a#491642883]] after [10000 ms]. Sender[null] sent message of type "csw.services.loc.LocationTrackerWorker$TrackConnections".[0m[0m
[0m[[0minfo[0m] [0m[31m  at akka.pattern.PromiseActorRef$$anonfun$1.apply$mcV$sp(AskSupport.scala:604)[0m[0m
[0m[[0minfo[0m] [0m[31m  at akka.actor.Scheduler$$anon$4.run(Scheduler.scala:126)[0m[0m
[0m[[0minfo[0m] [0m[31m  at scala.concurrent.Future$InternalCallbackExecutor$.unbatchedExecute(Future.scala:601)[0m[0m
[0m[[0minfo[0m] [0m[31m  at scala.concurrent.BatchingExecutor$class.execute(BatchingExecutor.scala:109)[0m[0m
[0m[[0minfo[0m] [0m[31m  at scala.concurrent.Future$InternalCallbackExecutor$.execute(Future.scala:599)[0m[0m
[0m[[0minfo[0m] [0m[31m  at akka.actor.LightArrayRevolverScheduler$TaskHolder.executeTask(LightArrayRevolverScheduler.scala:331)[0m[0m
[0m[[0minfo[0m] [0m[31m  at akka.actor.LightArrayRevolverScheduler$$anon$4.executeBucket$1(LightArrayRevolverScheduler.scala:282)[0m[0m
[0m[[0minfo[0m] [0m[31m  at akka.actor.LightArrayRevolverScheduler$$anon$4.nextTick(LightArrayRevolverScheduler.scala:286)[0m[0m
[0m[[0minfo[0m] [0m[31m  at akka.actor.LightArrayRevolverScheduler$$anon$4.run(LightArrayRevolverScheduler.scala:238)[0m[0m
[0m[[0minfo[0m] [0m[31m  at java.lang.Thread.run(Thread.java:745)[0m[0m
[0m[[0minfo[0m] [0m[31m  ...[0m[0m
[0m[[0minfo[0m] [0m[31m- should allow a stop from follow mode *** FAILED ***[0m[0m
[0m[[0minfo[0m] [0m[31m  akka.pattern.AskTimeoutException: Ask timed out on [Actor[akka://Sequencer/user/$b#178032826]] after [10000 ms]. Sender[null] sent message of type "csw.services.loc.LocationTrackerWorker$TrackConnections".[0m[0m
[0m[[0minfo[0m] [0m[31m  at akka.pattern.PromiseActorRef$$anonfun$1.apply$mcV$sp(AskSupport.scala:604)[0m[0m
[0m[[0minfo[0m] [0m[31m  at akka.actor.Scheduler$$anon$4.run(Scheduler.scala:126)[0m[0m
[0m[[0minfo[0m] [0m[31m  at scala.concurrent.Future$InternalCallbackExecutor$.unbatchedExecute(Future.scala:601)[0m[0m
[0m[[0minfo[0m] [0m[31m  at scala.concurrent.BatchingExecutor$class.execute(BatchingExecutor.scala:109)[0m[0m
[0m[[0minfo[0m] [0m[31m  at scala.concurrent.Future$InternalCallbackExecutor$.execute(Future.scala:599)[0m[0m
[0m[[0minfo[0m] [0m[31m  at akka.actor.LightArrayRevolverScheduler$TaskHolder.executeTask(LightArrayRevolverScheduler.scala:331)[0m[0m
[0m[[0minfo[0m] [0m[31m  at akka.actor.LightArrayRevolverScheduler$$anon$4.executeBucket$1(LightArrayRevolverScheduler.scala:282)[0m[0m
[0m[[0minfo[0m] [0m[31m  at akka.actor.LightArrayRevolverScheduler$$anon$4.nextTick(LightArrayRevolverScheduler.scala:286)[0m[0m
[0m[[0minfo[0m] [0m[31m  at akka.actor.LightArrayRevolverScheduler$$anon$4.run(LightArrayRevolverScheduler.scala:238)[0m[0m
[0m[[0minfo[0m] [0m[31m  at java.lang.Thread.run(Thread.java:745)[0m[0m
[0m[[0minfo[0m] [0m[31m  ...[0m[0m
[0m[[0mdebug[0m] [0m    Produced 0 nested tasks and 2 events.[0m
[0m[[0mdebug[0m] [0m  Running TaskDef(csw.examples.vslice.assembly.FollowActorTests, sbt.ForkMain$SubclassFingerscan@1143777d, false, [SuiteSelector])[0m
[0m[[0minfo[0m] [0m[32mDeferredAbortedSuite:[0m[0m
[0m[[0minfo[0m] [0m[31mException encountered when attempting to run a suite with class name: org.scalatest.DeferredAbortedSuite *** ABORTED ***[0m[0m
[0m[[0minfo[0m] [0m[31m  akka.pattern.AskTimeoutException: Ask timed out on [Actor[akka://FollowActorTests/user/$a#1711853392]] after [10000 ms]. Sender[null] sent message of type "csw.services.loc.LocationTrackerWorker$TrackConnections".[0m[0m
[0m[[0minfo[0m] [0m[31m  at akka.pattern.PromiseActorRef$$anonfun$1.apply$mcV$sp(AskSupport.scala:604)[0m[0m
[0m[[0minfo[0m] [0m[31m  at akka.actor.Scheduler$$anon$4.run(Scheduler.scala:126)[0m[0m
[0m[[0minfo[0m] [0m[31m  at scala.concurrent.Future$InternalCallbackExecutor$.unbatchedExecute(Future.scala:601)[0m[0m
[0m[[0minfo[0m] [0m[31m  at scala.concurrent.BatchingExecutor$class.execute(BatchingExecutor.scala:109)[0m[0m
[0m[[0minfo[0m] [0m[31m  at scala.concurrent.Future$InternalCallbackExecutor$.execute(Future.scala:599)[0m[0m
[0m[[0minfo[0m] [0m[31m  at akka.actor.LightArrayRevolverScheduler$TaskHolder.executeTask(LightArrayRevolverScheduler.scala:331)[0m[0m
[0m[[0minfo[0m] [0m[31m  at akka.actor.LightArrayRevolverScheduler$$anon$4.executeBucket$1(LightArrayRevolverScheduler.scala:282)[0m[0m
[0m[[0minfo[0m] [0m[31m  at akka.actor.LightArrayRevolverScheduler$$anon$4.nextTick(LightArrayRevolverScheduler.scala:286)[0m[0m
[0m[[0minfo[0m] [0m[31m  at akka.actor.LightArrayRevolverScheduler$$anon$4.run(LightArrayRevolverScheduler.scala:238)[0m[0m
[0m[[0minfo[0m] [0m[31m  at java.lang.Thread.run(Thread.java:745)[0m[0m
[0m[[0minfo[0m] [0m[31m  ...[0m[0m
[0m[[0mdebug[0m] [0m    Produced 0 nested tasks and 1 events.[0m
[0m[[0mdebug[0m] [0m  Running TaskDef(csw.examples.vslice.assembly.TromboneAssemblyBasicTests, sbt.ForkMain$SubclassFingerscan@4b7d294f, false, [SuiteSelector])[0m
[0m[[0minfo[0m] [0m[32mDeferredAbortedSuite:[0m[0m
[0m[[0minfo[0m] [0m[31mException encountered when attempting to run a suite with class name: org.scalatest.DeferredAbortedSuite *** ABORTED ***[0m[0m
[0m[[0minfo[0m] [0m[31m  akka.pattern.AskTimeoutException: Ask timed out on [Actor[akka://TromboneAssemblyBasicTests/user/$a#-1697995382]] after [10000 ms]. Sender[null] sent message of type "csw.services.loc.LocationTrackerWorker$TrackConnections".[0m[0m
[0m[[0minfo[0m] [0m[31m  at akka.pattern.PromiseActorRef$$anonfun$1.apply$mcV$sp(AskSupport.scala:604)[0m[0m
[0m[[0minfo[0m] [0m[31m  at akka.actor.Scheduler$$anon$4.run(Scheduler.scala:126)[0m[0m
[0m[[0minfo[0m] [0m[31m  at scala.concurrent.Future$InternalCallbackExecutor$.unbatchedExecute(Future.scala:601)[0m[0m
[0m[[0minfo[0m] [0m[31m  at scala.concurrent.BatchingExecutor$class.execute(BatchingExecutor.scala:109)[0m[0m
[0m[[0minfo[0m] [0m[31m  at scala.concurrent.Future$InternalCallbackExecutor$.execute(Future.scala:599)[0m[0m
[0m[[0minfo[0m] [0m[31m  at akka.actor.LightArrayRevolverScheduler$TaskHolder.executeTask(LightArrayRevolverScheduler.scala:331)[0m[0m
[0m[[0minfo[0m] [0m[31m  at akka.actor.LightArrayRevolverScheduler$$anon$4.executeBucket$1(LightArrayRevolverScheduler.scala:282)[0m[0m
[0m[[0minfo[0m] [0m[31m  at akka.actor.LightArrayRevolverScheduler$$anon$4.nextTick(LightArrayRevolverScheduler.scala:286)[0m[0m
[0m[[0minfo[0m] [0m[31m  at akka.actor.LightArrayRevolverScheduler$$anon$4.run(LightArrayRevolverScheduler.scala:238)[0m[0m
[0m[[0minfo[0m] [0m[31m  at java.lang.Thread.run(Thread.java:745)[0m[0m
[0m[[0minfo[0m] [0m[31m  ...[0m[0m
[0m[[0mdebug[0m] [0m    Produced 0 nested tasks and 1 events.[0m
[0m[[0mdebug[0m] [0m  Running TaskDef(csw.examples.vslice.hcd.TromboneHCDCompTests, sbt.ForkMain$SubclassFingerscan@422ed9a0, false, [SuiteSelector])[0m
[0m[[0minfo[0m] [0m[32mTromboneHCDCompTests:[0m[0m
[0m[[0minfo[0m] [0m[32mcomponent level external public interface tests[0m[0m
[0m[[0minfo[0m] [0m[32m- should allow fetching stats[0m[0m
[0m[[0minfo[0m] [0m[32m  + Running [0m[0m
[0m[[0minfo[0m] [0m[32m  + Done [0m[0m
[0m[[0minfo[0m] [0m[31m- should allow fetching config *** FAILED ***[0m[0m
[0m[[0minfo[0m] [0m[31m  java.lang.AssertionError: assertion failed: timeout (10 seconds) during expectMsg while waiting for LifecycleStateChanged(LifecycleInitialized)[0m[0m
[0m[[0minfo[0m] [0m[31m  at scala.Predef$.assert(Predef.scala:170)[0m[0m
[0m[[0minfo[0m] [0m[31m  at akka.testkit.TestKitBase$class.expectMsg_internal(TestKit.scala:387)[0m[0m
[0m[[0minfo[0m] [0m[31m  at akka.testkit.TestKitBase$class.expectMsg(TestKit.scala:364)[0m[0m
[0m[[0minfo[0m] [0m[31m  at akka.testkit.TestKit.expectMsg(TestKit.scala:814)[0m[0m
[0m[[0minfo[0m] [0m[31m  at csw.examples.vslice.hcd.TromboneHCDCompTests$$anonfun$1$$anonfun$apply$mcV$sp$2.apply$mcV$sp(TromboneHCDCompTests.scala:113)[0m[0m
[0m[[0minfo[0m] [0m[31m  at csw.examples.vslice.hcd.TromboneHCDCompTests$$anonfun$1$$anonfun$apply$mcV$sp$2.apply(TromboneHCDCompTests.scala:107)[0m[0m
[0m[[0minfo[0m] [0m[31m  at csw.examples.vslice.hcd.TromboneHCDCompTests$$anonfun$1$$anonfun$apply$mcV$sp$2.apply(TromboneHCDCompTests.scala:107)[0m[0m
[0m[[0minfo[0m] [0m[31m  at org.scalatest.Transformer$$anonfun$apply$1.apply$mcV$sp(Transformer.scala:22)[0m[0m
[0m[[0minfo[0m] [0m[31m  at org.scalatest.OutcomeOf$class.outcomeOf(OutcomeOf.scala:85)[0m[0m
[0m[[0minfo[0m] [0m[31m  at org.scalatest.OutcomeOf$.outcomeOf(OutcomeOf.scala:104)[0m[0m
[0m[[0minfo[0m] [0m[31m  ...[0m[0m
[0m[[0minfo[0m] [0m[32m- should accept an init[0m[0m
[0m[[0minfo[0m] [0m[32m  + Running [0m[0m
[0m[[0minfo[0m] [0m[32m  + Msgs: List(CurrentState[NFIRAOS, nfiraos.ncc.tromboneHCD.axis1State](axisName((tromboneAxis)[none]),lowLimit((false)[none]),position((351)[enc]),homed((false)[none]),ChoiceItem(axisState,Vector(AXIS_IDLE),[none]),highLimit((false)[none]))) [0m[0m
[0m[[0minfo[0m] [0m[32m  + Done [0m[0m
[0m[[0minfo[0m] [0m[32m- should allow homing[0m[0m
[0m[[0minfo[0m] [0m[32m  + Running [0m[0m
[0m[[0minfo[0m] [0m[32m  + Msgs: List(CurrentState[NFIRAOS, nfiraos.ncc.tromboneHCD.axis1State](axisName((tromboneAxis)[none]),position((340)[enc]),lowLimit((false)[none]),homed((false)[none]),ChoiceItem(axisState,Vector(AXIS_MOVING),[none]),highLimit((false)[none])), CurrentState[NFIRAOS, nfiraos.ncc.tromboneHCD.axis1State](axisName((tromboneAxis)[none]),lowLimit((false)[none]),homed((false)[none]),position((330)[enc]),ChoiceItem(axisState,Vector(AXIS_MOVING),[none]),highLimit((false)[none])), CurrentState[NFIRAOS, nfiraos.ncc.tromboneHCD.axis1State](axisName((tromboneAxis)[none]),lowLimit((false)[none]),position((320)[enc]),homed((false)[none]),ChoiceItem(axisState,Vector(AXIS_MOVING),[none]),highLimit((false)[none])), CurrentState[NFIRAOS, nfiraos.ncc.tromboneHCD.axis1State](axisName((tromboneAxis)[none]),position((310)[enc]),lowLimit((false)[none]),homed((false)[none]),ChoiceItem(axisState,Vector(AXIS_MOVING),[none]),highLimit((false)[none])), CurrentState[NFIRAOS, nfiraos.ncc.tromboneHCD.axis1State](axisName((tromboneAxis)[none]),lowLimit((false)[none]),homed((true)[none]),position((300)[enc]),ChoiceItem(axisState,Vector(AXIS_MOVING),[none]),highLimit((false)[none])), CurrentState[NFIRAOS, nfiraos.ncc.tromboneHCD.axis1State](axisName((tromboneAxis)[none]),lowLimit((false)[none]),ChoiceItem(axisState,Vector(AXIS_IDLE),[none]),homed((true)[none]),position((300)[enc]),highLimit((false)[none]))) [0m[0m
[0m[[0minfo[0m] [0m[32m  + Stats: CurrentState[NFIRAOS, nfiraos.ncc.tromboneHCD.axisStats](axisName((tromboneAxis)[none]),limitCount((0)[none]),moveCount((1)[none]),successCount((1)[none]),homeCount((1)[none]),initCount((0)[none]),failureCount((0)[none]),cancelCount((0)[none])) [0m[0m
[0m[[0minfo[0m] [0m[31m- should allow a short move *** FAILED ***[0m[0m
[0m[[0minfo[0m] [0m[31m  java.lang.AssertionError: assertion failed: timeout (10 seconds) during expectMsg while waiting for LifecycleStateChanged(LifecycleInitialized)[0m[0m
[0m[[0minfo[0m] [0m[31m  at scala.Predef$.assert(Predef.scala:170)[0m[0m
[0m[[0minfo[0m] [0m[31m  at akka.testkit.TestKitBase$class.expectMsg_internal(TestKit.scala:387)[0m[0m
[0m[[0minfo[0m] [0m[31m  at akka.testkit.TestKitBase$class.expectMsg(TestKit.scala:364)[0m[0m
[0m[[0minfo[0m] [0m[31m  at akka.testkit.TestKit.expectMsg(TestKit.scala:814)[0m[0m
[0m[[0minfo[0m] [0m[31m  at csw.examples.vslice.hcd.TromboneHCDCompTests$$anonfun$2.apply$mcV$sp(TromboneHCDCompTests.scala:210)[0m[0m
[0m[[0minfo[0m] [0m[31m  at csw.examples.vslice.hcd.TromboneHCDCompTests$$anonfun$2.apply(TromboneHCDCompTests.scala:204)[0m[0m
[0m[[0minfo[0m] [0m[31m  at csw.examples.vslice.hcd.TromboneHCDCompTests$$anonfun$2.apply(TromboneHCDCompTests.scala:204)[0m[0m
[0m[[0minfo[0m] [0m[31m  at org.scalatest.Transformer$$anonfun$apply$1.apply$mcV$sp(Transformer.scala:22)[0m[0m
[0m[[0minfo[0m] [0m[31m  at org.scalatest.OutcomeOf$class.outcomeOf(OutcomeOf.scala:85)[0m[0m
[0m[[0minfo[0m] [0m[31m  at org.scalatest.OutcomeOf$.outcomeOf(OutcomeOf.scala:104)[0m[0m
[0m[[0minfo[0m] [0m[31m  ...[0m[0m
[0m[[0minfo[0m] [0m[32m- should show entering a low limit[0m[0m
[0m[[0minfo[0m] [0m[32m- should show entering a high limit[0m[0m
[0m[[0minfo[0m] [0m[32m- should allow complex series of moves[0m[0m
[0m[[0minfo[0m] [0m[32m- start up a move and cancel it[0m[0m
[0m[[0minfo[0m] [0m[32m- should allow repetitive moves[0m[0m
[0m[[0minfo[0m] [0m[31m- should drive into limits *** FAILED ***[0m[0m
[0m[[0minfo[0m] [0m[31m  java.lang.AssertionError: assertion failed: timeout (10 seconds) during expectMsg while waiting for LifecycleStateChanged(LifecycleInitialized)[0m[0m
[0m[[0minfo[0m] [0m[31m  at scala.Predef$.assert(Predef.scala:170)[0m[0m
[0m[[0minfo[0m] [0m[31m  at akka.testkit.TestKitBase$class.expectMsg_internal(TestKit.scala:387)[0m[0m
[0m[[0minfo[0m] [0m[31m  at akka.testkit.TestKitBase$class.expectMsg(TestKit.scala:364)[0m[0m
[0m[[0minfo[0m] [0m[31m  at akka.testkit.TestKit.expectMsg(TestKit.scala:814)[0m[0m
[0m[[0minfo[0m] [0m[31m  at csw.examples.vslice.hcd.TromboneHCDCompTests$$anonfun$8.apply$mcV$sp(TromboneHCDCompTests.scala:431)[0m[0m
[0m[[0minfo[0m] [0m[31m  at csw.examples.vslice.hcd.TromboneHCDCompTests$$anonfun$8.apply(TromboneHCDCompTests.scala:424)[0m[0m
[0m[[0minfo[0m] [0m[31m  at csw.examples.vslice.hcd.TromboneHCDCompTests$$anonfun$8.apply(TromboneHCDCompTests.scala:424)[0m[0m
[0m[[0minfo[0m] [0m[31m  at org.scalatest.Transformer$$anonfun$apply$1.apply$mcV$sp(Transformer.scala:22)[0m[0m
[0m[[0minfo[0m] [0m[31m  at org.scalatest.OutcomeOf$class.outcomeOf(OutcomeOf.scala:85)[0m[0m
[0m[[0minfo[0m] [0m[31m  at org.scalatest.OutcomeOf$.outcomeOf(OutcomeOf.scala:104)[0m[0m
[0m[[0minfo[0m] [0m[31m  ...[0m[0m
[0m[[0mdebug[0m] [0m    Produced 0 nested tasks and 11 events.[0m
[0m[[0mdebug[0m] [0m  Running TaskDef(csw.examples.vslice.hcd.SingleAxisSimulatorTests, sbt.ForkMain$SubclassFingerscan@709cdcc8, false, [SuiteSelector])[0m
[0m[[0minfo[0m] [0m[32mSingleAxisSimulatorTests:[0m[0m
[0m[[0minfo[0m] [0m[32mTesting steps calc[0m[0m
[0m[[0minfo[0m] [0m[32m- should calculate different number of steps based on the size of the move[0m[0m
[0m[[0minfo[0m] [0m[32m- should also work with step size[0m[0m
[0m[[0minfo[0m] [0m[32m- should work with step size of 1 (bug found)[0m[0m
[0m[[0minfo[0m] [0m[32mmotion worker setup[0m[0m
[0m[[0minfo[0m] [0m[32m- should be initialized properly[0m[0m
[0m[[0minfo[0m] [0m[32mmotion worker forward[0m[0m
[0m[[0minfo[0m] [0m[32m- should allow simulation on increasing encoder steps[0m[0m
[0m[[0minfo[0m] [0m[32mmotion worker reverse[0m[0m
[0m[[0minfo[0m] [0m[32m- should allow creation based on negative encoder steps[0m[0m
[0m[[0minfo[0m] [0m[32msimulate continuous motion with motion worker[0m[0m
[0m[[0minfo[0m] [0m[32m- should allow creation based on negative encoder steps[0m[0m
[0m[[0minfo[0m] [0m[32mmotion worker cancel[0m[0m
[0m[[0minfo[0m] [0m[32m- should allow cancelling after a few steps[0m[0m
[0m[[0minfo[0m] [0m[32mtest single axis[0m[0m
[0m[[0minfo[0m] [0m[32m- should be creatable and initialize[0m[0m
[0m[[0minfo[0m] [0m[32m- limitMove should clamp values[0m[0m
[0m[[0minfo[0m] [0m[32m- Should init properly[0m[0m
[0m[[0minfo[0m] [0m[32m- Should home properly[0m[0m
[0m[[0minfo[0m] [0m[32m- Should move properly[0m[0m
[0m[[0minfo[0m] [0m[32m- Should move and update[0m[0m
[0m[[0minfo[0m] [0m[32m- Should allow a cancel[0m[0m
[0m[[0minfo[0m] [0m[32m- should limit out-of-range moves[0m[0m
[0m[[0minfo[0m] [0m[32m- should unset limit as soon as it is not in limit -- BUG found![0m[0m
[0m[[0minfo[0m] [0m[32m- should support a complex example[0m[0m
[0m[[0mdebug[0m] [0m    Produced 0 nested tasks and 18 events.[0m
[0m[[0mdebug[0m] [0m  Running TaskDef(csw.examples.vslice.assembly.FollowPositionTests, sbt.ForkMain$SubclassFingerscan@7106ddbd, false, [SuiteSelector])[0m
[0m[[0minfo[0m] [0m[32mDeferredAbortedSuite:[0m[0m
[0m[[0minfo[0m] [0m[31mException encountered when attempting to run a suite with class name: org.scalatest.DeferredAbortedSuite *** ABORTED ***[0m[0m
[0m[[0minfo[0m] [0m[31m  akka.pattern.AskTimeoutException: Ask timed out on [Actor[akka://FollowPositionTests/user/$a#-1779567802]] after [10000 ms]. Sender[null] sent message of type "csw.services.loc.LocationTrackerWorker$TrackConnections".[0m[0m
[0m[[0minfo[0m] [0m[31m  at akka.pattern.PromiseActorRef$$anonfun$1.apply$mcV$sp(AskSupport.scala:604)[0m[0m
[0m[[0minfo[0m] [0m[31m  at akka.actor.Scheduler$$anon$4.run(Scheduler.scala:126)[0m[0m
[0m[[0minfo[0m] [0m[31m  at scala.concurrent.Future$InternalCallbackExecutor$.unbatchedExecute(Future.scala:601)[0m[0m
[0m[[0minfo[0m] [0m[31m  at scala.concurrent.BatchingExecutor$class.execute(BatchingExecutor.scala:109)[0m[0m
[0m[[0minfo[0m] [0m[31m  at scala.concurrent.Future$InternalCallbackExecutor$.execute(Future.scala:599)[0m[0m
[0m[[0minfo[0m] [0m[31m  at akka.actor.LightArrayRevolverScheduler$TaskHolder.executeTask(LightArrayRevolverScheduler.scala:331)[0m[0m
[0m[[0minfo[0m] [0m[31m  at akka.actor.LightArrayRevolverScheduler$$anon$4.executeBucket$1(LightArrayRevolverScheduler.scala:282)[0m[0m
[0m[[0minfo[0m] [0m[31m  at akka.actor.LightArrayRevolverScheduler$$anon$4.nextTick(LightArrayRevolverScheduler.scala:286)[0m[0m
[0m[[0minfo[0m] [0m[31m  at akka.actor.LightArrayRevolverScheduler$$anon$4.run(LightArrayRevolverScheduler.scala:238)[0m[0m
[0m[[0minfo[0m] [0m[31m  at java.lang.Thread.run(Thread.java:745)[0m[0m
[0m[[0minfo[0m] [0m[31m  ...[0m[0m
[0m[[0mdebug[0m] [0m    Produced 0 nested tasks and 1 events.[0m
[0m[[0mdebug[0m] [0m  Running TaskDef(csw.examples.vslice.assembly.EventPublishTests, sbt.ForkMain$SubclassFingerscan@5219906f, false, [SuiteSelector])[0m
[0m[[0minfo[0m] [0m[32mDeferredAbortedSuite:[0m[0m
[0m[[0minfo[0m] [0m[31mException encountered when attempting to run a suite with class name: org.scalatest.DeferredAbortedSuite *** ABORTED ***[0m[0m
[0m[[0minfo[0m] [0m[31m  akka.pattern.AskTimeoutException: Ask timed out on [Actor[akka://EventPublishTests/user/$a#785899275]] after [10000 ms]. Sender[null] sent message of type "csw.services.loc.LocationTrackerWorker$TrackConnections".[0m[0m
[0m[[0minfo[0m] [0m[31m  at akka.pattern.PromiseActorRef$$anonfun$1.apply$mcV$sp(AskSupport.scala:604)[0m[0m
[0m[[0minfo[0m] [0m[31m  at akka.actor.Scheduler$$anon$4.run(Scheduler.scala:126)[0m[0m
[0m[[0minfo[0m] [0m[31m  at scala.concurrent.Future$InternalCallbackExecutor$.unbatchedExecute(Future.scala:601)[0m[0m
[0m[[0minfo[0m] [0m[31m  at scala.concurrent.BatchingExecutor$class.execute(BatchingExecutor.scala:109)[0m[0m
[0m[[0minfo[0m] [0m[31m  at scala.concurrent.Future$InternalCallbackExecutor$.execute(Future.scala:599)[0m[0m
[0m[[0minfo[0m] [0m[31m  at akka.actor.LightArrayRevolverScheduler$TaskHolder.executeTask(LightArrayRevolverScheduler.scala:331)[0m[0m
[0m[[0minfo[0m] [0m[31m  at akka.actor.LightArrayRevolverScheduler$$anon$4.executeBucket$1(LightArrayRevolverScheduler.scala:282)[0m[0m
[0m[[0minfo[0m] [0m[31m  at akka.actor.LightArrayRevolverScheduler$$anon$4.nextTick(LightArrayRevolverScheduler.scala:286)[0m[0m
[0m[[0minfo[0m] [0m[31m  at akka.actor.LightArrayRevolverScheduler$$anon$4.run(LightArrayRevolverScheduler.scala:238)[0m[0m
[0m[[0minfo[0m] [0m[31m  at java.lang.Thread.run(Thread.java:745)[0m[0m
[0m[[0minfo[0m] [0m[31m  ...[0m[0m
[0m[[0mdebug[0m] [0m    Produced 0 nested tasks and 1 events.[0m
[0m[[0mdebug[0m] [0m  Running TaskDef(csw.examples.vslice.assembly.TromboneAssemblyCompTests, sbt.ForkMain$SubclassFingerscan@4d0c77b4, false, [SuiteSelector])[0m
[0m[[0minfo[0m] [0m[32mTromboneAssemblyCompTests:[0m[0m
[0m[[0minfo[0m] [0m[32mcomp tests[0m[0m
[0m[[0minfo[0m] [0m[32m- should just startup[0m[0m
[0m[[0minfo[0m] [0m[32m- should allow a datum[0m[0m
[0m[[0minfo[0m] [0m[32m  + Msg: CommandResult(RunId(f4396f1f-a32b-40e9-9cdd-4cfaa78ed9da),AllCompleted,(List((Completed, SetupConfig[NFIRAOS, nfiraos.ncc.trombone.init]()), (Completed, SetupConfig[NFIRAOS, nfiraos.ncc.trombone.datum]())))) [0m[0m
[0m[[0minfo[0m] [0m[32m- should allow a datum then a set of positions as separate sca[0m[0m
[0m[[0mdebug[0m] [0m    Produced 0 nested tasks and 3 events.[0m
[0m[[0mdebug[0m] [0mSummary for specs2 not available.[0m
[0m[[0minfo[0m] [0mScalaTest[0m
[0m[[0minfo[0m] [0m[36mRun completed in 6 minutes, 7 seconds.[0m[0m
[0m[[0minfo[0m] [0m[36mTotal number of tests run: 102[0m[0m
[0m[[0minfo[0m] [0m[36mSuites: completed 9, aborted 8[0m[0m
[0m[[0minfo[0m] [0m[36mTests: succeeded 85, failed 17, canceled 0, ignored 0, pending 0[0m[0m
[0m[[0minfo[0m] [0m[31m*** 8 SUITES ABORTED ***[0m[0m
[0m[[0minfo[0m] [0m[31m*** 17 TESTS FAILED ***[0m[0m
[0m[[31merror[0m] [0mError: Total 110, Failed 17, Errors 8, Passed 85[0m
[0m[[0mdebug[0m] [0mPassed tests:[0m
[0m[[0mdebug[0m] [0m	csw.examples.vslice.assembly.AlgorithmTests[0m
[0m[[0mdebug[0m] [0m	csw.examples.vslice.assembly.TromboneAssemblyCompTests[0m
[0m[[0mdebug[0m] [0m	csw.examples.vslice.assembly.ValidationTests[0m
[0m[[0mdebug[0m] [0m	csw.examples.vslice.assembly.TromboneStateActorTests[0m
[0m[[0mdebug[0m] [0m	csw.examples.vslice.hcd.SingleAxisSimulatorTests[0m
[0m[[31merror[0m] [0mFailed tests:[0m
[0m[[31merror[0m] [0m	csw.examples.vslice.hcd.TromboneHCDCompTests[0m
[0m[[31merror[0m] [0m	csw.examples.vslice.hcd.TromboneHCDBasicTests[0m
[0m[[31merror[0m] [0m	csw.examples.vslice.assembly.CommandHandlerTests[0m
[0m[[31merror[0m] [0m	csw.examples.vslice.assembly.TromboneAssemblySeqTests[0m
[0m[[31merror[0m] [0mError during tests:[0m
[0m[[31merror[0m] [0m	csw.examples.vslice.assembly.FollowCommandTests[0m
[0m[[31merror[0m] [0m	csw.examples.vslice.assembly.TromboneAssemblyBasicTests[0m
[0m[[31merror[0m] [0m	csw.examples.vslice.assembly.EventPublishTests[0m
[0m[[31merror[0m] [0m	csw.examples.vslice.assembly.AlarmMonitorTests[0m
[0m[[31merror[0m] [0m	csw.examples.vslice.assembly.EventSubscriberTests[0m
[0m[[31merror[0m] [0m	csw.examples.vslice.assembly.DiagPublisherTests[0m
[0m[[31merror[0m] [0m	csw.examples.vslice.assembly.FollowPositionTests[0m
[0m[[31merror[0m] [0m	csw.examples.vslice.assembly.FollowActorTests[0m
[0m[[31merror[0m] [0m(test:[31mtest[0m) sbt.TestsFailedException: Tests unsuccessful[0m
